2026/02/19 06:51:38 [error] [php] Function get_magic_quotes_gpc() is deprecated (/Users/sagaranumala/Documents/Test/yii/framework/web/CHttpRequest.php:130)
Stack trace:
#0 /Users/sagaranumala/Documents/Test/yii/framework/base/CApplication.php(522): CWebApplication->getComponent()
#1 /Users/sagaranumala/Documents/Test/yii/framework/web/CWebApplication.php(545): CWebApplication->getRequest()
#2 /Users/sagaranumala/Documents/Test/yii/framework/base/CApplication.php(170): CWebApplication->init()
#3 /Users/sagaranumala/Documents/Test/yii/framework/YiiBase.php(125): CWebApplication->__construct()
#4 /Users/sagaranumala/Documents/Test/yii/framework/YiiBase.php(98): createApplication()
#5 /Users/sagaranumala/Documents/Test/myapp/index.php(13): createWebApplication()
REQUEST_URI=/
in /Users/sagaranumala/Documents/Test/myapp/index.php (13)
2026/02/19 06:53:02 [error] [php] Function get_magic_quotes_gpc() is deprecated (/Users/sagaranumala/Documents/Test/yii/framework/web/CHttpRequest.php:130)
Stack trace:
#0 /Users/sagaranumala/Documents/Test/yii/framework/base/CApplication.php(522): CWebApplication->getComponent()
#1 /Users/sagaranumala/Documents/Test/yii/framework/web/CWebApplication.php(545): CWebApplication->getRequest()
#2 /Users/sagaranumala/Documents/Test/yii/framework/base/CApplication.php(170): CWebApplication->init()
#3 /Users/sagaranumala/Documents/Test/yii/framework/YiiBase.php(125): CWebApplication->__construct()
#4 /Users/sagaranumala/Documents/Test/yii/framework/YiiBase.php(98): createApplication()
#5 /Users/sagaranumala/Documents/Test/myapp/index.php(13): createWebApplication()
REQUEST_URI=/info
in /Users/sagaranumala/Documents/Test/myapp/index.php (13)
2026/02/19 07:13:22 [error] [exception.CHttpException.404] CHttpException: Unable to resolve the request "hello". in /Users/sagaranumala/Documents/Test/yii/framework/web/CWebApplication.php:286
Stack trace:
#0 /Users/sagaranumala/Documents/Test/yii/framework/web/CWebApplication.php(141): CWebApplication->runController('hello')
#1 /Users/sagaranumala/Documents/Test/yii/framework/base/CApplication.php(185): CWebApplication->processRequest()
#2 /Users/sagaranumala/Documents/Test/myapp/index.php(18): CApplication->run()
#3 {main}
REQUEST_URI=/hello
---
2026/02/19 07:37:30 [error] [exception.CException] CException: Property "CUrlManager.db" is not defined. in /Users/sagaranumala/Documents/Test/yii/framework/base/CComponent.php:173
Stack trace:
#0 /Users/sagaranumala/Documents/Test/yii/framework/YiiBase.php(220): CComponent->__set('db', Array)
#1 /Users/sagaranumala/Documents/Test/yii/framework/base/CModule.php(393): YiiBase::createComponent(Array)
#2 /Users/sagaranumala/Documents/Test/yii/framework/base/CApplication.php(531): CModule->getComponent('urlManager')
#3 /Users/sagaranumala/Documents/Test/yii/framework/web/CWebApplication.php(140): CApplication->getUrlManager()
#4 /Users/sagaranumala/Documents/Test/yii/framework/base/CApplication.php(185): CWebApplication->processRequest()
#5 /Users/sagaranumala/Documents/Test/myapp/index.php(18): CApplication->run()
#6 {main}
REQUEST_URI=/post/index
---
2026/02/19 07:37:44 [error] [exception.CException] CException: Property "CUrlManager.db" is not defined. in /Users/sagaranumala/Documents/Test/yii/framework/base/CComponent.php:173
Stack trace:
#0 /Users/sagaranumala/Documents/Test/yii/framework/YiiBase.php(220): CComponent->__set('db', Array)
#1 /Users/sagaranumala/Documents/Test/yii/framework/base/CModule.php(393): YiiBase::createComponent(Array)
#2 /Users/sagaranumala/Documents/Test/yii/framework/base/CApplication.php(531): CModule->getComponent('urlManager')
#3 /Users/sagaranumala/Documents/Test/yii/framework/web/CWebApplication.php(140): CApplication->getUrlManager()
#4 /Users/sagaranumala/Documents/Test/yii/framework/base/CApplication.php(185): CWebApplication->processRequest()
#5 /Users/sagaranumala/Documents/Test/myapp/index.php(18): CApplication->run()
#6 {main}
REQUEST_URI=/index.php?r=post/index
---
2026/02/19 07:37:53 [error] [exception.CException] CException: Property "CUrlManager.db" is not defined. in /Users/sagaranumala/Documents/Test/yii/framework/base/CComponent.php:173
Stack trace:
#0 /Users/sagaranumala/Documents/Test/yii/framework/YiiBase.php(220): CComponent->__set('db', Array)
#1 /Users/sagaranumala/Documents/Test/yii/framework/base/CModule.php(393): YiiBase::createComponent(Array)
#2 /Users/sagaranumala/Documents/Test/yii/framework/base/CApplication.php(531): CModule->getComponent('urlManager')
#3 /Users/sagaranumala/Documents/Test/yii/framework/web/CWebApplication.php(140): CApplication->getUrlManager()
#4 /Users/sagaranumala/Documents/Test/yii/framework/base/CApplication.php(185): CWebApplication->processRequest()
#5 /Users/sagaranumala/Documents/Test/myapp/index.php(18): CApplication->run()
#6 {main}
REQUEST_URI=/index.php?r=post/create
---
2026/02/19 07:38:40 [error] [exception.CDbException] CDbException: The table "post" for active record class "Post" cannot be found in the database. in /Users/sagaranumala/Documents/Test/yii/framework/db/ar/CActiveRecord.php:2390
Stack trace:
#0 /Users/sagaranumala/Documents/Test/yii/framework/db/ar/CActiveRecord.php(413): CActiveRecordMetaData->__construct(Object(Post))
#1 /Users/sagaranumala/Documents/Test/yii/framework/db/ar/CActiveRecord.php(663): CActiveRecord->getMetaData()
#2 /Users/sagaranumala/Documents/Test/yii/framework/db/ar/CActiveRecord.php(1358): CActiveRecord->getTableSchema()
#3 /Users/sagaranumala/Documents/Test/yii/framework/db/ar/CActiveRecord.php(1478): CActiveRecord->query(Object(CDbCriteria), true)
#4 /Users/sagaranumala/Documents/Test/myapp/protected/controllers/PostController.php(8): CActiveRecord->findAll()
#5 /Users/sagaranumala/Documents/Test/yii/framework/web/actions/CInlineAction.php(49): PostController->actionIndex()
#6 /Users/sagaranumala/Documents/Test/yii/framework/web/CController.php(308): CInlineAction->runWithParams(Array)
#7 /Users/sagaranumala/Documents/Test/yii/framework/web/CController.php(286): CController->runAction(Object(CInlineAction))
#8 /Users/sagaranumala/Documents/Test/yii/framework/web/CController.php(265): CController->runActionWithFilters(Object(CInlineAction), Array)
#9 /Users/sagaranumala/Documents/Test/yii/framework/web/CWebApplication.php(282): CController->run('index')
#10 /Users/sagaranumala/Documents/Test/yii/framework/web/CWebApplication.php(141): CWebApplication->runController('post/index')
#11 /Users/sagaranumala/Documents/Test/yii/framework/base/CApplication.php(185): CWebApplication->processRequest()
#12 /Users/sagaranumala/Documents/Test/myapp/index.php(18): CApplication->run()
#13 {main}
REQUEST_URI=/post/index
---
2026/02/19 07:39:08 [error] [exception.CDbException] CDbException: The table "post" for active record class "Post" cannot be found in the database. in /Users/sagaranumala/Documents/Test/yii/framework/db/ar/CActiveRecord.php:2390
Stack trace:
#0 /Users/sagaranumala/Documents/Test/yii/framework/db/ar/CActiveRecord.php(413): CActiveRecordMetaData->__construct(Object(Post))
#1 /Users/sagaranumala/Documents/Test/yii/framework/db/ar/CActiveRecord.php(663): CActiveRecord->getMetaData()
#2 /Users/sagaranumala/Documents/Test/yii/framework/db/ar/CActiveRecord.php(1358): CActiveRecord->getTableSchema()
#3 /Users/sagaranumala/Documents/Test/yii/framework/db/ar/CActiveRecord.php(1478): CActiveRecord->query(Object(CDbCriteria), true)
#4 /Users/sagaranumala/Documents/Test/myapp/protected/controllers/PostController.php(8): CActiveRecord->findAll()
#5 /Users/sagaranumala/Documents/Test/yii/framework/web/actions/CInlineAction.php(49): PostController->actionIndex()
#6 /Users/sagaranumala/Documents/Test/yii/framework/web/CController.php(308): CInlineAction->runWithParams(Array)
#7 /Users/sagaranumala/Documents/Test/yii/framework/web/CController.php(286): CController->runAction(Object(CInlineAction))
#8 /Users/sagaranumala/Documents/Test/yii/framework/web/CController.php(265): CController->runActionWithFilters(Object(CInlineAction), Array)
#9 /Users/sagaranumala/Documents/Test/yii/framework/web/CWebApplication.php(282): CController->run('index')
#10 /Users/sagaranumala/Documents/Test/yii/framework/web/CWebApplication.php(141): CWebApplication->runController('post/index')
#11 /Users/sagaranumala/Documents/Test/yii/framework/base/CApplication.php(185): CWebApplication->processRequest()
#12 /Users/sagaranumala/Documents/Test/myapp/index.php(18): CApplication->run()
#13 {main}
REQUEST_URI=/post/index
---
2026/02/19 07:39:09 [error] [exception.CDbException] CDbException: The table "post" for active record class "Post" cannot be found in the database. in /Users/sagaranumala/Documents/Test/yii/framework/db/ar/CActiveRecord.php:2390
Stack trace:
#0 /Users/sagaranumala/Documents/Test/yii/framework/db/ar/CActiveRecord.php(413): CActiveRecordMetaData->__construct(Object(Post))
#1 /Users/sagaranumala/Documents/Test/yii/framework/db/ar/CActiveRecord.php(663): CActiveRecord->getMetaData()
#2 /Users/sagaranumala/Documents/Test/yii/framework/db/ar/CActiveRecord.php(1358): CActiveRecord->getTableSchema()
#3 /Users/sagaranumala/Documents/Test/yii/framework/db/ar/CActiveRecord.php(1478): CActiveRecord->query(Object(CDbCriteria), true)
#4 /Users/sagaranumala/Documents/Test/myapp/protected/controllers/PostController.php(8): CActiveRecord->findAll()
#5 /Users/sagaranumala/Documents/Test/yii/framework/web/actions/CInlineAction.php(49): PostController->actionIndex()
#6 /Users/sagaranumala/Documents/Test/yii/framework/web/CController.php(308): CInlineAction->runWithParams(Array)
#7 /Users/sagaranumala/Documents/Test/yii/framework/web/CController.php(286): CController->runAction(Object(CInlineAction))
#8 /Users/sagaranumala/Documents/Test/yii/framework/web/CController.php(265): CController->runActionWithFilters(Object(CInlineAction), Array)
#9 /Users/sagaranumala/Documents/Test/yii/framework/web/CWebApplication.php(282): CController->run('index')
#10 /Users/sagaranumala/Documents/Test/yii/framework/web/CWebApplication.php(141): CWebApplication->runController('post/index')
#11 /Users/sagaranumala/Documents/Test/yii/framework/base/CApplication.php(185): CWebApplication->processRequest()
#12 /Users/sagaranumala/Documents/Test/myapp/index.php(18): CApplication->run()
#13 {main}
REQUEST_URI=/post/index
---
2026/02/19 07:39:09 [error] [exception.CDbException] CDbException: The table "post" for active record class "Post" cannot be found in the database. in /Users/sagaranumala/Documents/Test/yii/framework/db/ar/CActiveRecord.php:2390
Stack trace:
#0 /Users/sagaranumala/Documents/Test/yii/framework/db/ar/CActiveRecord.php(413): CActiveRecordMetaData->__construct(Object(Post))
#1 /Users/sagaranumala/Documents/Test/yii/framework/db/ar/CActiveRecord.php(663): CActiveRecord->getMetaData()
#2 /Users/sagaranumala/Documents/Test/yii/framework/db/ar/CActiveRecord.php(1358): CActiveRecord->getTableSchema()
#3 /Users/sagaranumala/Documents/Test/yii/framework/db/ar/CActiveRecord.php(1478): CActiveRecord->query(Object(CDbCriteria), true)
#4 /Users/sagaranumala/Documents/Test/myapp/protected/controllers/PostController.php(8): CActiveRecord->findAll()
#5 /Users/sagaranumala/Documents/Test/yii/framework/web/actions/CInlineAction.php(49): PostController->actionIndex()
#6 /Users/sagaranumala/Documents/Test/yii/framework/web/CController.php(308): CInlineAction->runWithParams(Array)
#7 /Users/sagaranumala/Documents/Test/yii/framework/web/CController.php(286): CController->runAction(Object(CInlineAction))
#8 /Users/sagaranumala/Documents/Test/yii/framework/web/CController.php(265): CController->runActionWithFilters(Object(CInlineAction), Array)
#9 /Users/sagaranumala/Documents/Test/yii/framework/web/CWebApplication.php(282): CController->run('index')
#10 /Users/sagaranumala/Documents/Test/yii/framework/web/CWebApplication.php(141): CWebApplication->runController('post/index')
#11 /Users/sagaranumala/Documents/Test/yii/framework/base/CApplication.php(185): CWebApplication->processRequest()
#12 /Users/sagaranumala/Documents/Test/myapp/index.php(18): CApplication->run()
#13 {main}
REQUEST_URI=/post/index
---
2026/02/19 07:39:09 [error] [exception.CDbException] CDbException: The table "post" for active record class "Post" cannot be found in the database. in /Users/sagaranumala/Documents/Test/yii/framework/db/ar/CActiveRecord.php:2390
Stack trace:
#0 /Users/sagaranumala/Documents/Test/yii/framework/db/ar/CActiveRecord.php(413): CActiveRecordMetaData->__construct(Object(Post))
#1 /Users/sagaranumala/Documents/Test/yii/framework/db/ar/CActiveRecord.php(663): CActiveRecord->getMetaData()
#2 /Users/sagaranumala/Documents/Test/yii/framework/db/ar/CActiveRecord.php(1358): CActiveRecord->getTableSchema()
#3 /Users/sagaranumala/Documents/Test/yii/framework/db/ar/CActiveRecord.php(1478): CActiveRecord->query(Object(CDbCriteria), true)
#4 /Users/sagaranumala/Documents/Test/myapp/protected/controllers/PostController.php(8): CActiveRecord->findAll()
#5 /Users/sagaranumala/Documents/Test/yii/framework/web/actions/CInlineAction.php(49): PostController->actionIndex()
#6 /Users/sagaranumala/Documents/Test/yii/framework/web/CController.php(308): CInlineAction->runWithParams(Array)
#7 /Users/sagaranumala/Documents/Test/yii/framework/web/CController.php(286): CController->runAction(Object(CInlineAction))
#8 /Users/sagaranumala/Documents/Test/yii/framework/web/CController.php(265): CController->runActionWithFilters(Object(CInlineAction), Array)
#9 /Users/sagaranumala/Documents/Test/yii/framework/web/CWebApplication.php(282): CController->run('index')
#10 /Users/sagaranumala/Documents/Test/yii/framework/web/CWebApplication.php(141): CWebApplication->runController('post/index')
#11 /Users/sagaranumala/Documents/Test/yii/framework/base/CApplication.php(185): CWebApplication->processRequest()
#12 /Users/sagaranumala/Documents/Test/myapp/index.php(18): CApplication->run()
#13 {main}
REQUEST_URI=/post/index
---
2026/02/19 07:39:10 [error] [exception.CDbException] CDbException: The table "post" for active record class "Post" cannot be found in the database. in /Users/sagaranumala/Documents/Test/yii/framework/db/ar/CActiveRecord.php:2390
Stack trace:
#0 /Users/sagaranumala/Documents/Test/yii/framework/db/ar/CActiveRecord.php(413): CActiveRecordMetaData->__construct(Object(Post))
#1 /Users/sagaranumala/Documents/Test/yii/framework/db/ar/CActiveRecord.php(663): CActiveRecord->getMetaData()
#2 /Users/sagaranumala/Documents/Test/yii/framework/db/ar/CActiveRecord.php(1358): CActiveRecord->getTableSchema()
#3 /Users/sagaranumala/Documents/Test/yii/framework/db/ar/CActiveRecord.php(1478): CActiveRecord->query(Object(CDbCriteria), true)
#4 /Users/sagaranumala/Documents/Test/myapp/protected/controllers/PostController.php(8): CActiveRecord->findAll()
#5 /Users/sagaranumala/Documents/Test/yii/framework/web/actions/CInlineAction.php(49): PostController->actionIndex()
#6 /Users/sagaranumala/Documents/Test/yii/framework/web/CController.php(308): CInlineAction->runWithParams(Array)
#7 /Users/sagaranumala/Documents/Test/yii/framework/web/CController.php(286): CController->runAction(Object(CInlineAction))
#8 /Users/sagaranumala/Documents/Test/yii/framework/web/CController.php(265): CController->runActionWithFilters(Object(CInlineAction), Array)
#9 /Users/sagaranumala/Documents/Test/yii/framework/web/CWebApplication.php(282): CController->run('index')
#10 /Users/sagaranumala/Documents/Test/yii/framework/web/CWebApplication.php(141): CWebApplication->runController('post/index')
#11 /Users/sagaranumala/Documents/Test/yii/framework/base/CApplication.php(185): CWebApplication->processRequest()
#12 /Users/sagaranumala/Documents/Test/myapp/index.php(18): CApplication->run()
#13 {main}
REQUEST_URI=/post/index
---
2026/02/19 07:39:10 [error] [exception.CDbException] CDbException: The table "post" for active record class "Post" cannot be found in the database. in /Users/sagaranumala/Documents/Test/yii/framework/db/ar/CActiveRecord.php:2390
Stack trace:
#0 /Users/sagaranumala/Documents/Test/yii/framework/db/ar/CActiveRecord.php(413): CActiveRecordMetaData->__construct(Object(Post))
#1 /Users/sagaranumala/Documents/Test/yii/framework/db/ar/CActiveRecord.php(663): CActiveRecord->getMetaData()
#2 /Users/sagaranumala/Documents/Test/yii/framework/db/ar/CActiveRecord.php(1358): CActiveRecord->getTableSchema()
#3 /Users/sagaranumala/Documents/Test/yii/framework/db/ar/CActiveRecord.php(1478): CActiveRecord->query(Object(CDbCriteria), true)
#4 /Users/sagaranumala/Documents/Test/myapp/protected/controllers/PostController.php(8): CActiveRecord->findAll()
#5 /Users/sagaranumala/Documents/Test/yii/framework/web/actions/CInlineAction.php(49): PostController->actionIndex()
#6 /Users/sagaranumala/Documents/Test/yii/framework/web/CController.php(308): CInlineAction->runWithParams(Array)
#7 /Users/sagaranumala/Documents/Test/yii/framework/web/CController.php(286): CController->runAction(Object(CInlineAction))
#8 /Users/sagaranumala/Documents/Test/yii/framework/web/CController.php(265): CController->runActionWithFilters(Object(CInlineAction), Array)
#9 /Users/sagaranumala/Documents/Test/yii/framework/web/CWebApplication.php(282): CController->run('index')
#10 /Users/sagaranumala/Documents/Test/yii/framework/web/CWebApplication.php(141): CWebApplication->runController('post/index')
#11 /Users/sagaranumala/Documents/Test/yii/framework/base/CApplication.php(185): CWebApplication->processRequest()
#12 /Users/sagaranumala/Documents/Test/myapp/index.php(18): CApplication->run()
#13 {main}
REQUEST_URI=/post/index
---
2026/02/19 07:39:19 [error] [exception.Error] Error: Call to undefined function dd() in /Users/sagaranumala/Documents/Test/myapp/protected/controllers/PostController.php:9
Stack trace:
#0 /Users/sagaranumala/Documents/Test/yii/framework/web/actions/CInlineAction.php(49): PostController->actionIndex()
#1 /Users/sagaranumala/Documents/Test/yii/framework/web/CController.php(308): CInlineAction->runWithParams(Array)
#2 /Users/sagaranumala/Documents/Test/yii/framework/web/CController.php(286): CController->runAction(Object(CInlineAction))
#3 /Users/sagaranumala/Documents/Test/yii/framework/web/CController.php(265): CController->runActionWithFilters(Object(CInlineAction), Array)
#4 /Users/sagaranumala/Documents/Test/yii/framework/web/CWebApplication.php(282): CController->run('index')
#5 /Users/sagaranumala/Documents/Test/yii/framework/web/CWebApplication.php(141): CWebApplication->runController('post/index')
#6 /Users/sagaranumala/Documents/Test/yii/framework/base/CApplication.php(185): CWebApplication->processRequest()
#7 /Users/sagaranumala/Documents/Test/myapp/index.php(18): CApplication->run()
#8 {main}
REQUEST_URI=/post/index
---
2026/02/19 07:39:20 [error] [exception.Error] Error: Call to undefined function dd() in /Users/sagaranumala/Documents/Test/myapp/protected/controllers/PostController.php:9
Stack trace:
#0 /Users/sagaranumala/Documents/Test/yii/framework/web/actions/CInlineAction.php(49): PostController->actionIndex()
#1 /Users/sagaranumala/Documents/Test/yii/framework/web/CController.php(308): CInlineAction->runWithParams(Array)
#2 /Users/sagaranumala/Documents/Test/yii/framework/web/CController.php(286): CController->runAction(Object(CInlineAction))
#3 /Users/sagaranumala/Documents/Test/yii/framework/web/CController.php(265): CController->runActionWithFilters(Object(CInlineAction), Array)
#4 /Users/sagaranumala/Documents/Test/yii/framework/web/CWebApplication.php(282): CController->run('index')
#5 /Users/sagaranumala/Documents/Test/yii/framework/web/CWebApplication.php(141): CWebApplication->runController('post/index')
#6 /Users/sagaranumala/Documents/Test/yii/framework/base/CApplication.php(185): CWebApplication->processRequest()
#7 /Users/sagaranumala/Documents/Test/myapp/index.php(18): CApplication->run()
#8 {main}
REQUEST_URI=/post/index
---
2026/02/19 07:39:44 [error] [exception.CDbException] CDbException: The table "post" for active record class "Post" cannot be found in the database. in /Users/sagaranumala/Documents/Test/yii/framework/db/ar/CActiveRecord.php:2390
Stack trace:
#0 /Users/sagaranumala/Documents/Test/yii/framework/db/ar/CActiveRecord.php(413): CActiveRecordMetaData->__construct(Object(Post))
#1 /Users/sagaranumala/Documents/Test/yii/framework/db/ar/CActiveRecord.php(663): CActiveRecord->getMetaData()
#2 /Users/sagaranumala/Documents/Test/yii/framework/db/ar/CActiveRecord.php(1358): CActiveRecord->getTableSchema()
#3 /Users/sagaranumala/Documents/Test/yii/framework/db/ar/CActiveRecord.php(1478): CActiveRecord->query(Object(CDbCriteria), true)
#4 /Users/sagaranumala/Documents/Test/myapp/protected/controllers/PostController.php(10): CActiveRecord->findAll()
#5 /Users/sagaranumala/Documents/Test/yii/framework/web/actions/CInlineAction.php(49): PostController->actionIndex()
#6 /Users/sagaranumala/Documents/Test/yii/framework/web/CController.php(308): CInlineAction->runWithParams(Array)
#7 /Users/sagaranumala/Documents/Test/yii/framework/web/CController.php(286): CController->runAction(Object(CInlineAction))
#8 /Users/sagaranumala/Documents/Test/yii/framework/web/CController.php(265): CController->runActionWithFilters(Object(CInlineAction), Array)
#9 /Users/sagaranumala/Documents/Test/yii/framework/web/CWebApplication.php(282): CController->run('index')
#10 /Users/sagaranumala/Documents/Test/yii/framework/web/CWebApplication.php(141): CWebApplication->runController('post/index')
#11 /Users/sagaranumala/Documents/Test/yii/framework/base/CApplication.php(185): CWebApplication->processRequest()
#12 /Users/sagaranumala/Documents/Test/myapp/index.php(18): CApplication->run()
#13 {main}
REQUEST_URI=/post/index
---
2026/02/19 07:39:45 [error] [exception.CDbException] CDbException: The table "post" for active record class "Post" cannot be found in the database. in /Users/sagaranumala/Documents/Test/yii/framework/db/ar/CActiveRecord.php:2390
Stack trace:
#0 /Users/sagaranumala/Documents/Test/yii/framework/db/ar/CActiveRecord.php(413): CActiveRecordMetaData->__construct(Object(Post))
#1 /Users/sagaranumala/Documents/Test/yii/framework/db/ar/CActiveRecord.php(663): CActiveRecord->getMetaData()
#2 /Users/sagaranumala/Documents/Test/yii/framework/db/ar/CActiveRecord.php(1358): CActiveRecord->getTableSchema()
#3 /Users/sagaranumala/Documents/Test/yii/framework/db/ar/CActiveRecord.php(1478): CActiveRecord->query(Object(CDbCriteria), true)
#4 /Users/sagaranumala/Documents/Test/myapp/protected/controllers/PostController.php(10): CActiveRecord->findAll()
#5 /Users/sagaranumala/Documents/Test/yii/framework/web/actions/CInlineAction.php(49): PostController->actionIndex()
#6 /Users/sagaranumala/Documents/Test/yii/framework/web/CController.php(308): CInlineAction->runWithParams(Array)
#7 /Users/sagaranumala/Documents/Test/yii/framework/web/CController.php(286): CController->runAction(Object(CInlineAction))
#8 /Users/sagaranumala/Documents/Test/yii/framework/web/CController.php(265): CController->runActionWithFilters(Object(CInlineAction), Array)
#9 /Users/sagaranumala/Documents/Test/yii/framework/web/CWebApplication.php(282): CController->run('index')
#10 /Users/sagaranumala/Documents/Test/yii/framework/web/CWebApplication.php(141): CWebApplication->runController('post/index')
#11 /Users/sagaranumala/Documents/Test/yii/framework/base/CApplication.php(185): CWebApplication->processRequest()
#12 /Users/sagaranumala/Documents/Test/myapp/index.php(18): CApplication->run()
#13 {main}
REQUEST_URI=/post/index
---
2026/02/19 07:40:07 [error] [exception.CDbException] CDbException: The table "post" for active record class "Post" cannot be found in the database. in /Users/sagaranumala/Documents/Test/yii/framework/db/ar/CActiveRecord.php:2390
Stack trace:
#0 /Users/sagaranumala/Documents/Test/yii/framework/db/ar/CActiveRecord.php(413): CActiveRecordMetaData->__construct(Object(Post))
#1 /Users/sagaranumala/Documents/Test/yii/framework/db/ar/CActiveRecord.php(663): CActiveRecord->getMetaData()
#2 /Users/sagaranumala/Documents/Test/yii/framework/db/ar/CActiveRecord.php(1358): CActiveRecord->getTableSchema()
#3 /Users/sagaranumala/Documents/Test/yii/framework/db/ar/CActiveRecord.php(1478): CActiveRecord->query(Object(CDbCriteria), true)
#4 /Users/sagaranumala/Documents/Test/myapp/protected/controllers/PostController.php(10): CActiveRecord->findAll()
#5 /Users/sagaranumala/Documents/Test/yii/framework/web/actions/CInlineAction.php(49): PostController->actionIndex()
#6 /Users/sagaranumala/Documents/Test/yii/framework/web/CController.php(308): CInlineAction->runWithParams(Array)
#7 /Users/sagaranumala/Documents/Test/yii/framework/web/CController.php(286): CController->runAction(Object(CInlineAction))
#8 /Users/sagaranumala/Documents/Test/yii/framework/web/CController.php(265): CController->runActionWithFilters(Object(CInlineAction), Array)
#9 /Users/sagaranumala/Documents/Test/yii/framework/web/CWebApplication.php(282): CController->run('index')
#10 /Users/sagaranumala/Documents/Test/yii/framework/web/CWebApplication.php(141): CWebApplication->runController('post/index')
#11 /Users/sagaranumala/Documents/Test/yii/framework/base/CApplication.php(185): CWebApplication->processRequest()
#12 /Users/sagaranumala/Documents/Test/myapp/index.php(18): CApplication->run()
#13 {main}
REQUEST_URI=/post/index
---
2026/02/19 07:40:43 [error] [exception.CDbException] CDbException: The table "Post" for active record class "Post" cannot be found in the database. in /Users/sagaranumala/Documents/Test/yii/framework/db/ar/CActiveRecord.php:2390
Stack trace:
#0 /Users/sagaranumala/Documents/Test/yii/framework/db/ar/CActiveRecord.php(413): CActiveRecordMetaData->__construct(Object(Post))
#1 /Users/sagaranumala/Documents/Test/yii/framework/db/ar/CActiveRecord.php(663): CActiveRecord->getMetaData()
#2 /Users/sagaranumala/Documents/Test/yii/framework/db/ar/CActiveRecord.php(1358): CActiveRecord->getTableSchema()
#3 /Users/sagaranumala/Documents/Test/yii/framework/db/ar/CActiveRecord.php(1478): CActiveRecord->query(Object(CDbCriteria), true)
#4 /Users/sagaranumala/Documents/Test/myapp/protected/controllers/PostController.php(10): CActiveRecord->findAll()
#5 /Users/sagaranumala/Documents/Test/yii/framework/web/actions/CInlineAction.php(49): PostController->actionIndex()
#6 /Users/sagaranumala/Documents/Test/yii/framework/web/CController.php(308): CInlineAction->runWithParams(Array)
#7 /Users/sagaranumala/Documents/Test/yii/framework/web/CController.php(286): CController->runAction(Object(CInlineAction))
#8 /Users/sagaranumala/Documents/Test/yii/framework/web/CController.php(265): CController->runActionWithFilters(Object(CInlineAction), Array)
#9 /Users/sagaranumala/Documents/Test/yii/framework/web/CWebApplication.php(282): CController->run('index')
#10 /Users/sagaranumala/Documents/Test/yii/framework/web/CWebApplication.php(141): CWebApplication->runController('post/index')
#11 /Users/sagaranumala/Documents/Test/yii/framework/base/CApplication.php(185): CWebApplication->processRequest()
#12 /Users/sagaranumala/Documents/Test/myapp/index.php(18): CApplication->run()
#13 {main}
REQUEST_URI=/post/index
---
2026/02/19 07:40:44 [error] [exception.CDbException] CDbException: The table "Post" for active record class "Post" cannot be found in the database. in /Users/sagaranumala/Documents/Test/yii/framework/db/ar/CActiveRecord.php:2390
Stack trace:
#0 /Users/sagaranumala/Documents/Test/yii/framework/db/ar/CActiveRecord.php(413): CActiveRecordMetaData->__construct(Object(Post))
#1 /Users/sagaranumala/Documents/Test/yii/framework/db/ar/CActiveRecord.php(663): CActiveRecord->getMetaData()
#2 /Users/sagaranumala/Documents/Test/yii/framework/db/ar/CActiveRecord.php(1358): CActiveRecord->getTableSchema()
#3 /Users/sagaranumala/Documents/Test/yii/framework/db/ar/CActiveRecord.php(1478): CActiveRecord->query(Object(CDbCriteria), true)
#4 /Users/sagaranumala/Documents/Test/myapp/protected/controllers/PostController.php(10): CActiveRecord->findAll()
#5 /Users/sagaranumala/Documents/Test/yii/framework/web/actions/CInlineAction.php(49): PostController->actionIndex()
#6 /Users/sagaranumala/Documents/Test/yii/framework/web/CController.php(308): CInlineAction->runWithParams(Array)
#7 /Users/sagaranumala/Documents/Test/yii/framework/web/CController.php(286): CController->runAction(Object(CInlineAction))
#8 /Users/sagaranumala/Documents/Test/yii/framework/web/CController.php(265): CController->runActionWithFilters(Object(CInlineAction), Array)
#9 /Users/sagaranumala/Documents/Test/yii/framework/web/CWebApplication.php(282): CController->run('index')
#10 /Users/sagaranumala/Documents/Test/yii/framework/web/CWebApplication.php(141): CWebApplication->runController('post/index')
#11 /Users/sagaranumala/Documents/Test/yii/framework/base/CApplication.php(185): CWebApplication->processRequest()
#12 /Users/sagaranumala/Documents/Test/myapp/index.php(18): CApplication->run()
#13 {main}
REQUEST_URI=/post/index
---
2026/02/19 07:40:44 [error] [exception.CDbException] CDbException: The table "Post" for active record class "Post" cannot be found in the database. in /Users/sagaranumala/Documents/Test/yii/framework/db/ar/CActiveRecord.php:2390
Stack trace:
#0 /Users/sagaranumala/Documents/Test/yii/framework/db/ar/CActiveRecord.php(413): CActiveRecordMetaData->__construct(Object(Post))
#1 /Users/sagaranumala/Documents/Test/yii/framework/db/ar/CActiveRecord.php(663): CActiveRecord->getMetaData()
#2 /Users/sagaranumala/Documents/Test/yii/framework/db/ar/CActiveRecord.php(1358): CActiveRecord->getTableSchema()
#3 /Users/sagaranumala/Documents/Test/yii/framework/db/ar/CActiveRecord.php(1478): CActiveRecord->query(Object(CDbCriteria), true)
#4 /Users/sagaranumala/Documents/Test/myapp/protected/controllers/PostController.php(10): CActiveRecord->findAll()
#5 /Users/sagaranumala/Documents/Test/yii/framework/web/actions/CInlineAction.php(49): PostController->actionIndex()
#6 /Users/sagaranumala/Documents/Test/yii/framework/web/CController.php(308): CInlineAction->runWithParams(Array)
#7 /Users/sagaranumala/Documents/Test/yii/framework/web/CController.php(286): CController->runAction(Object(CInlineAction))
#8 /Users/sagaranumala/Documents/Test/yii/framework/web/CController.php(265): CController->runActionWithFilters(Object(CInlineAction), Array)
#9 /Users/sagaranumala/Documents/Test/yii/framework/web/CWebApplication.php(282): CController->run('index')
#10 /Users/sagaranumala/Documents/Test/yii/framework/web/CWebApplication.php(141): CWebApplication->runController('post/index')
#11 /Users/sagaranumala/Documents/Test/yii/framework/base/CApplication.php(185): CWebApplication->processRequest()
#12 /Users/sagaranumala/Documents/Test/myapp/index.php(18): CApplication->run()
#13 {main}
REQUEST_URI=/post/index
---
2026/02/19 07:40:44 [error] [exception.CDbException] CDbException: The table "Post" for active record class "Post" cannot be found in the database. in /Users/sagaranumala/Documents/Test/yii/framework/db/ar/CActiveRecord.php:2390
Stack trace:
#0 /Users/sagaranumala/Documents/Test/yii/framework/db/ar/CActiveRecord.php(413): CActiveRecordMetaData->__construct(Object(Post))
#1 /Users/sagaranumala/Documents/Test/yii/framework/db/ar/CActiveRecord.php(663): CActiveRecord->getMetaData()
#2 /Users/sagaranumala/Documents/Test/yii/framework/db/ar/CActiveRecord.php(1358): CActiveRecord->getTableSchema()
#3 /Users/sagaranumala/Documents/Test/yii/framework/db/ar/CActiveRecord.php(1478): CActiveRecord->query(Object(CDbCriteria), true)
#4 /Users/sagaranumala/Documents/Test/myapp/protected/controllers/PostController.php(10): CActiveRecord->findAll()
#5 /Users/sagaranumala/Documents/Test/yii/framework/web/actions/CInlineAction.php(49): PostController->actionIndex()
#6 /Users/sagaranumala/Documents/Test/yii/framework/web/CController.php(308): CInlineAction->runWithParams(Array)
#7 /Users/sagaranumala/Documents/Test/yii/framework/web/CController.php(286): CController->runAction(Object(CInlineAction))
#8 /Users/sagaranumala/Documents/Test/yii/framework/web/CController.php(265): CController->runActionWithFilters(Object(CInlineAction), Array)
#9 /Users/sagaranumala/Documents/Test/yii/framework/web/CWebApplication.php(282): CController->run('index')
#10 /Users/sagaranumala/Documents/Test/yii/framework/web/CWebApplication.php(141): CWebApplication->runController('post/index')
#11 /Users/sagaranumala/Documents/Test/yii/framework/base/CApplication.php(185): CWebApplication->processRequest()
#12 /Users/sagaranumala/Documents/Test/myapp/index.php(18): CApplication->run()
#13 {main}
REQUEST_URI=/post/index
---
2026/02/19 07:40:44 [error] [exception.CDbException] CDbException: The table "Post" for active record class "Post" cannot be found in the database. in /Users/sagaranumala/Documents/Test/yii/framework/db/ar/CActiveRecord.php:2390
Stack trace:
#0 /Users/sagaranumala/Documents/Test/yii/framework/db/ar/CActiveRecord.php(413): CActiveRecordMetaData->__construct(Object(Post))
#1 /Users/sagaranumala/Documents/Test/yii/framework/db/ar/CActiveRecord.php(663): CActiveRecord->getMetaData()
#2 /Users/sagaranumala/Documents/Test/yii/framework/db/ar/CActiveRecord.php(1358): CActiveRecord->getTableSchema()
#3 /Users/sagaranumala/Documents/Test/yii/framework/db/ar/CActiveRecord.php(1478): CActiveRecord->query(Object(CDbCriteria), true)
#4 /Users/sagaranumala/Documents/Test/myapp/protected/controllers/PostController.php(10): CActiveRecord->findAll()
#5 /Users/sagaranumala/Documents/Test/yii/framework/web/actions/CInlineAction.php(49): PostController->actionIndex()
#6 /Users/sagaranumala/Documents/Test/yii/framework/web/CController.php(308): CInlineAction->runWithParams(Array)
#7 /Users/sagaranumala/Documents/Test/yii/framework/web/CController.php(286): CController->runAction(Object(CInlineAction))
#8 /Users/sagaranumala/Documents/Test/yii/framework/web/CController.php(265): CController->runActionWithFilters(Object(CInlineAction), Array)
#9 /Users/sagaranumala/Documents/Test/yii/framework/web/CWebApplication.php(282): CController->run('index')
#10 /Users/sagaranumala/Documents/Test/yii/framework/web/CWebApplication.php(141): CWebApplication->runController('post/index')
#11 /Users/sagaranumala/Documents/Test/yii/framework/base/CApplication.php(185): CWebApplication->processRequest()
#12 /Users/sagaranumala/Documents/Test/myapp/index.php(18): CApplication->run()
#13 {main}
REQUEST_URI=/post/index
---
2026/02/19 07:41:22 [error] [exception.CDbException] CDbException: The table "post" for active record class "Post" cannot be found in the database. in /Users/sagaranumala/Documents/Test/yii/framework/db/ar/CActiveRecord.php:2390
Stack trace:
#0 /Users/sagaranumala/Documents/Test/yii/framework/db/ar/CActiveRecord.php(413): CActiveRecordMetaData->__construct(Object(Post))
#1 /Users/sagaranumala/Documents/Test/yii/framework/db/ar/CActiveRecord.php(663): CActiveRecord->getMetaData()
#2 /Users/sagaranumala/Documents/Test/yii/framework/db/ar/CActiveRecord.php(1358): CActiveRecord->getTableSchema()
#3 /Users/sagaranumala/Documents/Test/yii/framework/db/ar/CActiveRecord.php(1478): CActiveRecord->query(Object(CDbCriteria), true)
#4 /Users/sagaranumala/Documents/Test/myapp/protected/controllers/PostController.php(10): CActiveRecord->findAll()
#5 /Users/sagaranumala/Documents/Test/yii/framework/web/actions/CInlineAction.php(49): PostController->actionIndex()
#6 /Users/sagaranumala/Documents/Test/yii/framework/web/CController.php(308): CInlineAction->runWithParams(Array)
#7 /Users/sagaranumala/Documents/Test/yii/framework/web/CController.php(286): CController->runAction(Object(CInlineAction))
#8 /Users/sagaranumala/Documents/Test/yii/framework/web/CController.php(265): CController->runActionWithFilters(Object(CInlineAction), Array)
#9 /Users/sagaranumala/Documents/Test/yii/framework/web/CWebApplication.php(282): CController->run('index')
#10 /Users/sagaranumala/Documents/Test/yii/framework/web/CWebApplication.php(141): CWebApplication->runController('post/index')
#11 /Users/sagaranumala/Documents/Test/yii/framework/base/CApplication.php(185): CWebApplication->processRequest()
#12 /Users/sagaranumala/Documents/Test/myapp/index.php(18): CApplication->run()
#13 {main}
REQUEST_URI=/post/index
---
2026/02/19 07:41:23 [error] [exception.CDbException] CDbException: The table "post" for active record class "Post" cannot be found in the database. in /Users/sagaranumala/Documents/Test/yii/framework/db/ar/CActiveRecord.php:2390
Stack trace:
#0 /Users/sagaranumala/Documents/Test/yii/framework/db/ar/CActiveRecord.php(413): CActiveRecordMetaData->__construct(Object(Post))
#1 /Users/sagaranumala/Documents/Test/yii/framework/db/ar/CActiveRecord.php(663): CActiveRecord->getMetaData()
#2 /Users/sagaranumala/Documents/Test/yii/framework/db/ar/CActiveRecord.php(1358): CActiveRecord->getTableSchema()
#3 /Users/sagaranumala/Documents/Test/yii/framework/db/ar/CActiveRecord.php(1478): CActiveRecord->query(Object(CDbCriteria), true)
#4 /Users/sagaranumala/Documents/Test/myapp/protected/controllers/PostController.php(10): CActiveRecord->findAll()
#5 /Users/sagaranumala/Documents/Test/yii/framework/web/actions/CInlineAction.php(49): PostController->actionIndex()
#6 /Users/sagaranumala/Documents/Test/yii/framework/web/CController.php(308): CInlineAction->runWithParams(Array)
#7 /Users/sagaranumala/Documents/Test/yii/framework/web/CController.php(286): CController->runAction(Object(CInlineAction))
#8 /Users/sagaranumala/Documents/Test/yii/framework/web/CController.php(265): CController->runActionWithFilters(Object(CInlineAction), Array)
#9 /Users/sagaranumala/Documents/Test/yii/framework/web/CWebApplication.php(282): CController->run('index')
#10 /Users/sagaranumala/Documents/Test/yii/framework/web/CWebApplication.php(141): CWebApplication->runController('post/index')
#11 /Users/sagaranumala/Documents/Test/yii/framework/base/CApplication.php(185): CWebApplication->processRequest()
#12 /Users/sagaranumala/Documents/Test/myapp/index.php(18): CApplication->run()
#13 {main}
REQUEST_URI=/post/index
---
2026/02/19 07:41:23 [error] [exception.CDbException] CDbException: The table "post" for active record class "Post" cannot be found in the database. in /Users/sagaranumala/Documents/Test/yii/framework/db/ar/CActiveRecord.php:2390
Stack trace:
#0 /Users/sagaranumala/Documents/Test/yii/framework/db/ar/CActiveRecord.php(413): CActiveRecordMetaData->__construct(Object(Post))
#1 /Users/sagaranumala/Documents/Test/yii/framework/db/ar/CActiveRecord.php(663): CActiveRecord->getMetaData()
#2 /Users/sagaranumala/Documents/Test/yii/framework/db/ar/CActiveRecord.php(1358): CActiveRecord->getTableSchema()
#3 /Users/sagaranumala/Documents/Test/yii/framework/db/ar/CActiveRecord.php(1478): CActiveRecord->query(Object(CDbCriteria), true)
#4 /Users/sagaranumala/Documents/Test/myapp/protected/controllers/PostController.php(10): CActiveRecord->findAll()
#5 /Users/sagaranumala/Documents/Test/yii/framework/web/actions/CInlineAction.php(49): PostController->actionIndex()
#6 /Users/sagaranumala/Documents/Test/yii/framework/web/CController.php(308): CInlineAction->runWithParams(Array)
#7 /Users/sagaranumala/Documents/Test/yii/framework/web/CController.php(286): CController->runAction(Object(CInlineAction))
#8 /Users/sagaranumala/Documents/Test/yii/framework/web/CController.php(265): CController->runActionWithFilters(Object(CInlineAction), Array)
#9 /Users/sagaranumala/Documents/Test/yii/framework/web/CWebApplication.php(282): CController->run('index')
#10 /Users/sagaranumala/Documents/Test/yii/framework/web/CWebApplication.php(141): CWebApplication->runController('post/index')
#11 /Users/sagaranumala/Documents/Test/yii/framework/base/CApplication.php(185): CWebApplication->processRequest()
#12 /Users/sagaranumala/Documents/Test/myapp/index.php(18): CApplication->run()
#13 {main}
REQUEST_URI=/post/index
---
2026/02/19 07:41:23 [error] [exception.CDbException] CDbException: The table "post" for active record class "Post" cannot be found in the database. in /Users/sagaranumala/Documents/Test/yii/framework/db/ar/CActiveRecord.php:2390
Stack trace:
#0 /Users/sagaranumala/Documents/Test/yii/framework/db/ar/CActiveRecord.php(413): CActiveRecordMetaData->__construct(Object(Post))
#1 /Users/sagaranumala/Documents/Test/yii/framework/db/ar/CActiveRecord.php(663): CActiveRecord->getMetaData()
#2 /Users/sagaranumala/Documents/Test/yii/framework/db/ar/CActiveRecord.php(1358): CActiveRecord->getTableSchema()
#3 /Users/sagaranumala/Documents/Test/yii/framework/db/ar/CActiveRecord.php(1478): CActiveRecord->query(Object(CDbCriteria), true)
#4 /Users/sagaranumala/Documents/Test/myapp/protected/controllers/PostController.php(10): CActiveRecord->findAll()
#5 /Users/sagaranumala/Documents/Test/yii/framework/web/actions/CInlineAction.php(49): PostController->actionIndex()
#6 /Users/sagaranumala/Documents/Test/yii/framework/web/CController.php(308): CInlineAction->runWithParams(Array)
#7 /Users/sagaranumala/Documents/Test/yii/framework/web/CController.php(286): CController->runAction(Object(CInlineAction))
#8 /Users/sagaranumala/Documents/Test/yii/framework/web/CController.php(265): CController->runActionWithFilters(Object(CInlineAction), Array)
#9 /Users/sagaranumala/Documents/Test/yii/framework/web/CWebApplication.php(282): CController->run('index')
#10 /Users/sagaranumala/Documents/Test/yii/framework/web/CWebApplication.php(141): CWebApplication->runController('post/index')
#11 /Users/sagaranumala/Documents/Test/yii/framework/base/CApplication.php(185): CWebApplication->processRequest()
#12 /Users/sagaranumala/Documents/Test/myapp/index.php(18): CApplication->run()
#13 {main}
REQUEST_URI=/post/index
---
2026/02/19 07:42:39 [error] [exception.CDbException] CDbException: The table "post" for active record class "Post" cannot be found in the database. in /Users/sagaranumala/Documents/Test/yii/framework/db/ar/CActiveRecord.php:2390
Stack trace:
#0 /Users/sagaranumala/Documents/Test/yii/framework/db/ar/CActiveRecord.php(413): CActiveRecordMetaData->__construct(Object(Post))
#1 /Users/sagaranumala/Documents/Test/yii/framework/db/ar/CActiveRecord.php(663): CActiveRecord->getMetaData()
#2 /Users/sagaranumala/Documents/Test/yii/framework/db/ar/CActiveRecord.php(1358): CActiveRecord->getTableSchema()
#3 /Users/sagaranumala/Documents/Test/yii/framework/db/ar/CActiveRecord.php(1478): CActiveRecord->query(Object(CDbCriteria), true)
#4 /Users/sagaranumala/Documents/Test/myapp/protected/controllers/PostController.php(10): CActiveRecord->findAll()
#5 /Users/sagaranumala/Documents/Test/yii/framework/web/actions/CInlineAction.php(49): PostController->actionIndex()
#6 /Users/sagaranumala/Documents/Test/yii/framework/web/CController.php(308): CInlineAction->runWithParams(Array)
#7 /Users/sagaranumala/Documents/Test/yii/framework/web/CController.php(286): CController->runAction(Object(CInlineAction))
#8 /Users/sagaranumala/Documents/Test/yii/framework/web/CController.php(265): CController->runActionWithFilters(Object(CInlineAction), Array)
#9 /Users/sagaranumala/Documents/Test/yii/framework/web/CWebApplication.php(282): CController->run('index')
#10 /Users/sagaranumala/Documents/Test/yii/framework/web/CWebApplication.php(141): CWebApplication->runController('post/index')
#11 /Users/sagaranumala/Documents/Test/yii/framework/base/CApplication.php(185): CWebApplication->processRequest()
#12 /Users/sagaranumala/Documents/Test/myapp/index.php(18): CApplication->run()
#13 {main}
REQUEST_URI=/post/index
---
2026/02/19 07:42:39 [error] [exception.CDbException] CDbException: The table "post" for active record class "Post" cannot be found in the database. in /Users/sagaranumala/Documents/Test/yii/framework/db/ar/CActiveRecord.php:2390
Stack trace:
#0 /Users/sagaranumala/Documents/Test/yii/framework/db/ar/CActiveRecord.php(413): CActiveRecordMetaData->__construct(Object(Post))
#1 /Users/sagaranumala/Documents/Test/yii/framework/db/ar/CActiveRecord.php(663): CActiveRecord->getMetaData()
#2 /Users/sagaranumala/Documents/Test/yii/framework/db/ar/CActiveRecord.php(1358): CActiveRecord->getTableSchema()
#3 /Users/sagaranumala/Documents/Test/yii/framework/db/ar/CActiveRecord.php(1478): CActiveRecord->query(Object(CDbCriteria), true)
#4 /Users/sagaranumala/Documents/Test/myapp/protected/controllers/PostController.php(10): CActiveRecord->findAll()
#5 /Users/sagaranumala/Documents/Test/yii/framework/web/actions/CInlineAction.php(49): PostController->actionIndex()
#6 /Users/sagaranumala/Documents/Test/yii/framework/web/CController.php(308): CInlineAction->runWithParams(Array)
#7 /Users/sagaranumala/Documents/Test/yii/framework/web/CController.php(286): CController->runAction(Object(CInlineAction))
#8 /Users/sagaranumala/Documents/Test/yii/framework/web/CController.php(265): CController->runActionWithFilters(Object(CInlineAction), Array)
#9 /Users/sagaranumala/Documents/Test/yii/framework/web/CWebApplication.php(282): CController->run('index')
#10 /Users/sagaranumala/Documents/Test/yii/framework/web/CWebApplication.php(141): CWebApplication->runController('post/index')
#11 /Users/sagaranumala/Documents/Test/yii/framework/base/CApplication.php(185): CWebApplication->processRequest()
#12 /Users/sagaranumala/Documents/Test/myapp/index.php(18): CApplication->run()
#13 {main}
REQUEST_URI=/post/index
---
2026/02/19 07:42:39 [error] [exception.CDbException] CDbException: The table "post" for active record class "Post" cannot be found in the database. in /Users/sagaranumala/Documents/Test/yii/framework/db/ar/CActiveRecord.php:2390
Stack trace:
#0 /Users/sagaranumala/Documents/Test/yii/framework/db/ar/CActiveRecord.php(413): CActiveRecordMetaData->__construct(Object(Post))
#1 /Users/sagaranumala/Documents/Test/yii/framework/db/ar/CActiveRecord.php(663): CActiveRecord->getMetaData()
#2 /Users/sagaranumala/Documents/Test/yii/framework/db/ar/CActiveRecord.php(1358): CActiveRecord->getTableSchema()
#3 /Users/sagaranumala/Documents/Test/yii/framework/db/ar/CActiveRecord.php(1478): CActiveRecord->query(Object(CDbCriteria), true)
#4 /Users/sagaranumala/Documents/Test/myapp/protected/controllers/PostController.php(10): CActiveRecord->findAll()
#5 /Users/sagaranumala/Documents/Test/yii/framework/web/actions/CInlineAction.php(49): PostController->actionIndex()
#6 /Users/sagaranumala/Documents/Test/yii/framework/web/CController.php(308): CInlineAction->runWithParams(Array)
#7 /Users/sagaranumala/Documents/Test/yii/framework/web/CController.php(286): CController->runAction(Object(CInlineAction))
#8 /Users/sagaranumala/Documents/Test/yii/framework/web/CController.php(265): CController->runActionWithFilters(Object(CInlineAction), Array)
#9 /Users/sagaranumala/Documents/Test/yii/framework/web/CWebApplication.php(282): CController->run('index')
#10 /Users/sagaranumala/Documents/Test/yii/framework/web/CWebApplication.php(141): CWebApplication->runController('post/index')
#11 /Users/sagaranumala/Documents/Test/yii/framework/base/CApplication.php(185): CWebApplication->processRequest()
#12 /Users/sagaranumala/Documents/Test/myapp/index.php(18): CApplication->run()
#13 {main}
REQUEST_URI=/post/index
---
2026/02/19 07:42:40 [error] [exception.CDbException] CDbException: The table "post" for active record class "Post" cannot be found in the database. in /Users/sagaranumala/Documents/Test/yii/framework/db/ar/CActiveRecord.php:2390
Stack trace:
#0 /Users/sagaranumala/Documents/Test/yii/framework/db/ar/CActiveRecord.php(413): CActiveRecordMetaData->__construct(Object(Post))
#1 /Users/sagaranumala/Documents/Test/yii/framework/db/ar/CActiveRecord.php(663): CActiveRecord->getMetaData()
#2 /Users/sagaranumala/Documents/Test/yii/framework/db/ar/CActiveRecord.php(1358): CActiveRecord->getTableSchema()
#3 /Users/sagaranumala/Documents/Test/yii/framework/db/ar/CActiveRecord.php(1478): CActiveRecord->query(Object(CDbCriteria), true)
#4 /Users/sagaranumala/Documents/Test/myapp/protected/controllers/PostController.php(10): CActiveRecord->findAll()
#5 /Users/sagaranumala/Documents/Test/yii/framework/web/actions/CInlineAction.php(49): PostController->actionIndex()
#6 /Users/sagaranumala/Documents/Test/yii/framework/web/CController.php(308): CInlineAction->runWithParams(Array)
#7 /Users/sagaranumala/Documents/Test/yii/framework/web/CController.php(286): CController->runAction(Object(CInlineAction))
#8 /Users/sagaranumala/Documents/Test/yii/framework/web/CController.php(265): CController->runActionWithFilters(Object(CInlineAction), Array)
#9 /Users/sagaranumala/Documents/Test/yii/framework/web/CWebApplication.php(282): CController->run('index')
#10 /Users/sagaranumala/Documents/Test/yii/framework/web/CWebApplication.php(141): CWebApplication->runController('post/index')
#11 /Users/sagaranumala/Documents/Test/yii/framework/base/CApplication.php(185): CWebApplication->processRequest()
#12 /Users/sagaranumala/Documents/Test/myapp/index.php(18): CApplication->run()
#13 {main}
REQUEST_URI=/post/index
---
2026/02/19 07:42:40 [error] [exception.CDbException] CDbException: The table "post" for active record class "Post" cannot be found in the database. in /Users/sagaranumala/Documents/Test/yii/framework/db/ar/CActiveRecord.php:2390
Stack trace:
#0 /Users/sagaranumala/Documents/Test/yii/framework/db/ar/CActiveRecord.php(413): CActiveRecordMetaData->__construct(Object(Post))
#1 /Users/sagaranumala/Documents/Test/yii/framework/db/ar/CActiveRecord.php(663): CActiveRecord->getMetaData()
#2 /Users/sagaranumala/Documents/Test/yii/framework/db/ar/CActiveRecord.php(1358): CActiveRecord->getTableSchema()
#3 /Users/sagaranumala/Documents/Test/yii/framework/db/ar/CActiveRecord.php(1478): CActiveRecord->query(Object(CDbCriteria), true)
#4 /Users/sagaranumala/Documents/Test/myapp/protected/controllers/PostController.php(10): CActiveRecord->findAll()
#5 /Users/sagaranumala/Documents/Test/yii/framework/web/actions/CInlineAction.php(49): PostController->actionIndex()
#6 /Users/sagaranumala/Documents/Test/yii/framework/web/CController.php(308): CInlineAction->runWithParams(Array)
#7 /Users/sagaranumala/Documents/Test/yii/framework/web/CController.php(286): CController->runAction(Object(CInlineAction))
#8 /Users/sagaranumala/Documents/Test/yii/framework/web/CController.php(265): CController->runActionWithFilters(Object(CInlineAction), Array)
#9 /Users/sagaranumala/Documents/Test/yii/framework/web/CWebApplication.php(282): CController->run('index')
#10 /Users/sagaranumala/Documents/Test/yii/framework/web/CWebApplication.php(141): CWebApplication->runController('post/index')
#11 /Users/sagaranumala/Documents/Test/yii/framework/base/CApplication.php(185): CWebApplication->processRequest()
#12 /Users/sagaranumala/Documents/Test/myapp/index.php(18): CApplication->run()
#13 {main}
REQUEST_URI=/post/index
---
2026/02/19 07:42:41 [error] [exception.CDbException] CDbException: The table "post" for active record class "Post" cannot be found in the database. in /Users/sagaranumala/Documents/Test/yii/framework/db/ar/CActiveRecord.php:2390
Stack trace:
#0 /Users/sagaranumala/Documents/Test/yii/framework/db/ar/CActiveRecord.php(413): CActiveRecordMetaData->__construct(Object(Post))
#1 /Users/sagaranumala/Documents/Test/yii/framework/db/ar/CActiveRecord.php(663): CActiveRecord->getMetaData()
#2 /Users/sagaranumala/Documents/Test/yii/framework/db/ar/CActiveRecord.php(1358): CActiveRecord->getTableSchema()
#3 /Users/sagaranumala/Documents/Test/yii/framework/db/ar/CActiveRecord.php(1478): CActiveRecord->query(Object(CDbCriteria), true)
#4 /Users/sagaranumala/Documents/Test/myapp/protected/controllers/PostController.php(10): CActiveRecord->findAll()
#5 /Users/sagaranumala/Documents/Test/yii/framework/web/actions/CInlineAction.php(49): PostController->actionIndex()
#6 /Users/sagaranumala/Documents/Test/yii/framework/web/CController.php(308): CInlineAction->runWithParams(Array)
#7 /Users/sagaranumala/Documents/Test/yii/framework/web/CController.php(286): CController->runAction(Object(CInlineAction))
#8 /Users/sagaranumala/Documents/Test/yii/framework/web/CController.php(265): CController->runActionWithFilters(Object(CInlineAction), Array)
#9 /Users/sagaranumala/Documents/Test/yii/framework/web/CWebApplication.php(282): CController->run('index')
#10 /Users/sagaranumala/Documents/Test/yii/framework/web/CWebApplication.php(141): CWebApplication->runController('post/index')
#11 /Users/sagaranumala/Documents/Test/yii/framework/base/CApplication.php(185): CWebApplication->processRequest()
#12 /Users/sagaranumala/Documents/Test/myapp/index.php(18): CApplication->run()
#13 {main}
REQUEST_URI=/post/index
---
2026/02/19 07:42:41 [error] [exception.CDbException] CDbException: The table "post" for active record class "Post" cannot be found in the database. in /Users/sagaranumala/Documents/Test/yii/framework/db/ar/CActiveRecord.php:2390
Stack trace:
#0 /Users/sagaranumala/Documents/Test/yii/framework/db/ar/CActiveRecord.php(413): CActiveRecordMetaData->__construct(Object(Post))
#1 /Users/sagaranumala/Documents/Test/yii/framework/db/ar/CActiveRecord.php(663): CActiveRecord->getMetaData()
#2 /Users/sagaranumala/Documents/Test/yii/framework/db/ar/CActiveRecord.php(1358): CActiveRecord->getTableSchema()
#3 /Users/sagaranumala/Documents/Test/yii/framework/db/ar/CActiveRecord.php(1478): CActiveRecord->query(Object(CDbCriteria), true)
#4 /Users/sagaranumala/Documents/Test/myapp/protected/controllers/PostController.php(10): CActiveRecord->findAll()
#5 /Users/sagaranumala/Documents/Test/yii/framework/web/actions/CInlineAction.php(49): PostController->actionIndex()
#6 /Users/sagaranumala/Documents/Test/yii/framework/web/CController.php(308): CInlineAction->runWithParams(Array)
#7 /Users/sagaranumala/Documents/Test/yii/framework/web/CController.php(286): CController->runAction(Object(CInlineAction))
#8 /Users/sagaranumala/Documents/Test/yii/framework/web/CController.php(265): CController->runActionWithFilters(Object(CInlineAction), Array)
#9 /Users/sagaranumala/Documents/Test/yii/framework/web/CWebApplication.php(282): CController->run('index')
#10 /Users/sagaranumala/Documents/Test/yii/framework/web/CWebApplication.php(141): CWebApplication->runController('post/index')
#11 /Users/sagaranumala/Documents/Test/yii/framework/base/CApplication.php(185): CWebApplication->processRequest()
#12 /Users/sagaranumala/Documents/Test/myapp/index.php(18): CApplication->run()
#13 {main}
REQUEST_URI=/post/index
---
2026/02/19 07:42:41 [error] [exception.CDbException] CDbException: The table "post" for active record class "Post" cannot be found in the database. in /Users/sagaranumala/Documents/Test/yii/framework/db/ar/CActiveRecord.php:2390
Stack trace:
#0 /Users/sagaranumala/Documents/Test/yii/framework/db/ar/CActiveRecord.php(413): CActiveRecordMetaData->__construct(Object(Post))
#1 /Users/sagaranumala/Documents/Test/yii/framework/db/ar/CActiveRecord.php(663): CActiveRecord->getMetaData()
#2 /Users/sagaranumala/Documents/Test/yii/framework/db/ar/CActiveRecord.php(1358): CActiveRecord->getTableSchema()
#3 /Users/sagaranumala/Documents/Test/yii/framework/db/ar/CActiveRecord.php(1478): CActiveRecord->query(Object(CDbCriteria), true)
#4 /Users/sagaranumala/Documents/Test/myapp/protected/controllers/PostController.php(10): CActiveRecord->findAll()
#5 /Users/sagaranumala/Documents/Test/yii/framework/web/actions/CInlineAction.php(49): PostController->actionIndex()
#6 /Users/sagaranumala/Documents/Test/yii/framework/web/CController.php(308): CInlineAction->runWithParams(Array)
#7 /Users/sagaranumala/Documents/Test/yii/framework/web/CController.php(286): CController->runAction(Object(CInlineAction))
#8 /Users/sagaranumala/Documents/Test/yii/framework/web/CController.php(265): CController->runActionWithFilters(Object(CInlineAction), Array)
#9 /Users/sagaranumala/Documents/Test/yii/framework/web/CWebApplication.php(282): CController->run('index')
#10 /Users/sagaranumala/Documents/Test/yii/framework/web/CWebApplication.php(141): CWebApplication->runController('post/index')
#11 /Users/sagaranumala/Documents/Test/yii/framework/base/CApplication.php(185): CWebApplication->processRequest()
#12 /Users/sagaranumala/Documents/Test/myapp/index.php(18): CApplication->run()
#13 {main}
REQUEST_URI=/post/index
---
2026/02/19 07:43:08 [error] [exception.CDbException] CDbException: The table "post" for active record class "Post" cannot be found in the database. in /Users/sagaranumala/Documents/Test/yii/framework/db/ar/CActiveRecord.php:2390
Stack trace:
#0 /Users/sagaranumala/Documents/Test/yii/framework/db/ar/CActiveRecord.php(413): CActiveRecordMetaData->__construct(Object(Post))
#1 /Users/sagaranumala/Documents/Test/yii/framework/db/ar/CActiveRecord.php(663): CActiveRecord->getMetaData()
#2 /Users/sagaranumala/Documents/Test/yii/framework/db/ar/CActiveRecord.php(1358): CActiveRecord->getTableSchema()
#3 /Users/sagaranumala/Documents/Test/yii/framework/db/ar/CActiveRecord.php(1478): CActiveRecord->query(Object(CDbCriteria), true)
#4 /Users/sagaranumala/Documents/Test/myapp/protected/controllers/PostController.php(10): CActiveRecord->findAll()
#5 /Users/sagaranumala/Documents/Test/yii/framework/web/actions/CInlineAction.php(49): PostController->actionIndex()
#6 /Users/sagaranumala/Documents/Test/yii/framework/web/CController.php(308): CInlineAction->runWithParams(Array)
#7 /Users/sagaranumala/Documents/Test/yii/framework/web/CController.php(286): CController->runAction(Object(CInlineAction))
#8 /Users/sagaranumala/Documents/Test/yii/framework/web/CController.php(265): CController->runActionWithFilters(Object(CInlineAction), Array)
#9 /Users/sagaranumala/Documents/Test/yii/framework/web/CWebApplication.php(282): CController->run('index')
#10 /Users/sagaranumala/Documents/Test/yii/framework/web/CWebApplication.php(141): CWebApplication->runController('post/index')
#11 /Users/sagaranumala/Documents/Test/yii/framework/base/CApplication.php(185): CWebApplication->processRequest()
#12 /Users/sagaranumala/Documents/Test/myapp/index.php(18): CApplication->run()
#13 {main}
REQUEST_URI=/post/index
---
2026/02/19 07:43:08 [error] [exception.CDbException] CDbException: The table "post" for active record class "Post" cannot be found in the database. in /Users/sagaranumala/Documents/Test/yii/framework/db/ar/CActiveRecord.php:2390
Stack trace:
#0 /Users/sagaranumala/Documents/Test/yii/framework/db/ar/CActiveRecord.php(413): CActiveRecordMetaData->__construct(Object(Post))
#1 /Users/sagaranumala/Documents/Test/yii/framework/db/ar/CActiveRecord.php(663): CActiveRecord->getMetaData()
#2 /Users/sagaranumala/Documents/Test/yii/framework/db/ar/CActiveRecord.php(1358): CActiveRecord->getTableSchema()
#3 /Users/sagaranumala/Documents/Test/yii/framework/db/ar/CActiveRecord.php(1478): CActiveRecord->query(Object(CDbCriteria), true)
#4 /Users/sagaranumala/Documents/Test/myapp/protected/controllers/PostController.php(10): CActiveRecord->findAll()
#5 /Users/sagaranumala/Documents/Test/yii/framework/web/actions/CInlineAction.php(49): PostController->actionIndex()
#6 /Users/sagaranumala/Documents/Test/yii/framework/web/CController.php(308): CInlineAction->runWithParams(Array)
#7 /Users/sagaranumala/Documents/Test/yii/framework/web/CController.php(286): CController->runAction(Object(CInlineAction))
#8 /Users/sagaranumala/Documents/Test/yii/framework/web/CController.php(265): CController->runActionWithFilters(Object(CInlineAction), Array)
#9 /Users/sagaranumala/Documents/Test/yii/framework/web/CWebApplication.php(282): CController->run('index')
#10 /Users/sagaranumala/Documents/Test/yii/framework/web/CWebApplication.php(141): CWebApplication->runController('post/index')
#11 /Users/sagaranumala/Documents/Test/yii/framework/base/CApplication.php(185): CWebApplication->processRequest()
#12 /Users/sagaranumala/Documents/Test/myapp/index.php(18): CApplication->run()
#13 {main}
REQUEST_URI=/post/index
---
2026/02/19 07:43:09 [error] [exception.CDbException] CDbException: The table "post" for active record class "Post" cannot be found in the database. in /Users/sagaranumala/Documents/Test/yii/framework/db/ar/CActiveRecord.php:2390
Stack trace:
#0 /Users/sagaranumala/Documents/Test/yii/framework/db/ar/CActiveRecord.php(413): CActiveRecordMetaData->__construct(Object(Post))
#1 /Users/sagaranumala/Documents/Test/yii/framework/db/ar/CActiveRecord.php(663): CActiveRecord->getMetaData()
#2 /Users/sagaranumala/Documents/Test/yii/framework/db/ar/CActiveRecord.php(1358): CActiveRecord->getTableSchema()
#3 /Users/sagaranumala/Documents/Test/yii/framework/db/ar/CActiveRecord.php(1478): CActiveRecord->query(Object(CDbCriteria), true)
#4 /Users/sagaranumala/Documents/Test/myapp/protected/controllers/PostController.php(10): CActiveRecord->findAll()
#5 /Users/sagaranumala/Documents/Test/yii/framework/web/actions/CInlineAction.php(49): PostController->actionIndex()
#6 /Users/sagaranumala/Documents/Test/yii/framework/web/CController.php(308): CInlineAction->runWithParams(Array)
#7 /Users/sagaranumala/Documents/Test/yii/framework/web/CController.php(286): CController->runAction(Object(CInlineAction))
#8 /Users/sagaranumala/Documents/Test/yii/framework/web/CController.php(265): CController->runActionWithFilters(Object(CInlineAction), Array)
#9 /Users/sagaranumala/Documents/Test/yii/framework/web/CWebApplication.php(282): CController->run('index')
#10 /Users/sagaranumala/Documents/Test/yii/framework/web/CWebApplication.php(141): CWebApplication->runController('post/index')
#11 /Users/sagaranumala/Documents/Test/yii/framework/base/CApplication.php(185): CWebApplication->processRequest()
#12 /Users/sagaranumala/Documents/Test/myapp/index.php(18): CApplication->run()
#13 {main}
REQUEST_URI=/post/index
---
2026/02/19 07:43:09 [error] [exception.CDbException] CDbException: The table "post" for active record class "Post" cannot be found in the database. in /Users/sagaranumala/Documents/Test/yii/framework/db/ar/CActiveRecord.php:2390
Stack trace:
#0 /Users/sagaranumala/Documents/Test/yii/framework/db/ar/CActiveRecord.php(413): CActiveRecordMetaData->__construct(Object(Post))
#1 /Users/sagaranumala/Documents/Test/yii/framework/db/ar/CActiveRecord.php(663): CActiveRecord->getMetaData()
#2 /Users/sagaranumala/Documents/Test/yii/framework/db/ar/CActiveRecord.php(1358): CActiveRecord->getTableSchema()
#3 /Users/sagaranumala/Documents/Test/yii/framework/db/ar/CActiveRecord.php(1478): CActiveRecord->query(Object(CDbCriteria), true)
#4 /Users/sagaranumala/Documents/Test/myapp/protected/controllers/PostController.php(10): CActiveRecord->findAll()
#5 /Users/sagaranumala/Documents/Test/yii/framework/web/actions/CInlineAction.php(49): PostController->actionIndex()
#6 /Users/sagaranumala/Documents/Test/yii/framework/web/CController.php(308): CInlineAction->runWithParams(Array)
#7 /Users/sagaranumala/Documents/Test/yii/framework/web/CController.php(286): CController->runAction(Object(CInlineAction))
#8 /Users/sagaranumala/Documents/Test/yii/framework/web/CController.php(265): CController->runActionWithFilters(Object(CInlineAction), Array)
#9 /Users/sagaranumala/Documents/Test/yii/framework/web/CWebApplication.php(282): CController->run('index')
#10 /Users/sagaranumala/Documents/Test/yii/framework/web/CWebApplication.php(141): CWebApplication->runController('post/index')
#11 /Users/sagaranumala/Documents/Test/yii/framework/base/CApplication.php(185): CWebApplication->processRequest()
#12 /Users/sagaranumala/Documents/Test/myapp/index.php(18): CApplication->run()
#13 {main}
REQUEST_URI=/post/index
---
2026/02/19 07:43:09 [error] [exception.CDbException] CDbException: The table "post" for active record class "Post" cannot be found in the database. in /Users/sagaranumala/Documents/Test/yii/framework/db/ar/CActiveRecord.php:2390
Stack trace:
#0 /Users/sagaranumala/Documents/Test/yii/framework/db/ar/CActiveRecord.php(413): CActiveRecordMetaData->__construct(Object(Post))
#1 /Users/sagaranumala/Documents/Test/yii/framework/db/ar/CActiveRecord.php(663): CActiveRecord->getMetaData()
#2 /Users/sagaranumala/Documents/Test/yii/framework/db/ar/CActiveRecord.php(1358): CActiveRecord->getTableSchema()
#3 /Users/sagaranumala/Documents/Test/yii/framework/db/ar/CActiveRecord.php(1478): CActiveRecord->query(Object(CDbCriteria), true)
#4 /Users/sagaranumala/Documents/Test/myapp/protected/controllers/PostController.php(10): CActiveRecord->findAll()
#5 /Users/sagaranumala/Documents/Test/yii/framework/web/actions/CInlineAction.php(49): PostController->actionIndex()
#6 /Users/sagaranumala/Documents/Test/yii/framework/web/CController.php(308): CInlineAction->runWithParams(Array)
#7 /Users/sagaranumala/Documents/Test/yii/framework/web/CController.php(286): CController->runAction(Object(CInlineAction))
#8 /Users/sagaranumala/Documents/Test/yii/framework/web/CController.php(265): CController->runActionWithFilters(Object(CInlineAction), Array)
#9 /Users/sagaranumala/Documents/Test/yii/framework/web/CWebApplication.php(282): CController->run('index')
#10 /Users/sagaranumala/Documents/Test/yii/framework/web/CWebApplication.php(141): CWebApplication->runController('post/index')
#11 /Users/sagaranumala/Documents/Test/yii/framework/base/CApplication.php(185): CWebApplication->processRequest()
#12 /Users/sagaranumala/Documents/Test/myapp/index.php(18): CApplication->run()
#13 {main}
REQUEST_URI=/post/index
---
2026/02/19 07:43:10 [error] [exception.CDbException] CDbException: The table "post" for active record class "Post" cannot be found in the database. in /Users/sagaranumala/Documents/Test/yii/framework/db/ar/CActiveRecord.php:2390
Stack trace:
#0 /Users/sagaranumala/Documents/Test/yii/framework/db/ar/CActiveRecord.php(413): CActiveRecordMetaData->__construct(Object(Post))
#1 /Users/sagaranumala/Documents/Test/yii/framework/db/ar/CActiveRecord.php(663): CActiveRecord->getMetaData()
#2 /Users/sagaranumala/Documents/Test/yii/framework/db/ar/CActiveRecord.php(1358): CActiveRecord->getTableSchema()
#3 /Users/sagaranumala/Documents/Test/yii/framework/db/ar/CActiveRecord.php(1478): CActiveRecord->query(Object(CDbCriteria), true)
#4 /Users/sagaranumala/Documents/Test/myapp/protected/controllers/PostController.php(10): CActiveRecord->findAll()
#5 /Users/sagaranumala/Documents/Test/yii/framework/web/actions/CInlineAction.php(49): PostController->actionIndex()
#6 /Users/sagaranumala/Documents/Test/yii/framework/web/CController.php(308): CInlineAction->runWithParams(Array)
#7 /Users/sagaranumala/Documents/Test/yii/framework/web/CController.php(286): CController->runAction(Object(CInlineAction))
#8 /Users/sagaranumala/Documents/Test/yii/framework/web/CController.php(265): CController->runActionWithFilters(Object(CInlineAction), Array)
#9 /Users/sagaranumala/Documents/Test/yii/framework/web/CWebApplication.php(282): CController->run('index')
#10 /Users/sagaranumala/Documents/Test/yii/framework/web/CWebApplication.php(141): CWebApplication->runController('post/index')
#11 /Users/sagaranumala/Documents/Test/yii/framework/base/CApplication.php(185): CWebApplication->processRequest()
#12 /Users/sagaranumala/Documents/Test/myapp/index.php(18): CApplication->run()
#13 {main}
REQUEST_URI=/post/index
---
2026/02/19 07:43:11 [error] [exception.CDbException] CDbException: The table "post" for active record class "Post" cannot be found in the database. in /Users/sagaranumala/Documents/Test/yii/framework/db/ar/CActiveRecord.php:2390
Stack trace:
#0 /Users/sagaranumala/Documents/Test/yii/framework/db/ar/CActiveRecord.php(413): CActiveRecordMetaData->__construct(Object(Post))
#1 /Users/sagaranumala/Documents/Test/yii/framework/db/ar/CActiveRecord.php(663): CActiveRecord->getMetaData()
#2 /Users/sagaranumala/Documents/Test/yii/framework/db/ar/CActiveRecord.php(1358): CActiveRecord->getTableSchema()
#3 /Users/sagaranumala/Documents/Test/yii/framework/db/ar/CActiveRecord.php(1478): CActiveRecord->query(Object(CDbCriteria), true)
#4 /Users/sagaranumala/Documents/Test/myapp/protected/controllers/PostController.php(10): CActiveRecord->findAll()
#5 /Users/sagaranumala/Documents/Test/yii/framework/web/actions/CInlineAction.php(49): PostController->actionIndex()
#6 /Users/sagaranumala/Documents/Test/yii/framework/web/CController.php(308): CInlineAction->runWithParams(Array)
#7 /Users/sagaranumala/Documents/Test/yii/framework/web/CController.php(286): CController->runAction(Object(CInlineAction))
#8 /Users/sagaranumala/Documents/Test/yii/framework/web/CController.php(265): CController->runActionWithFilters(Object(CInlineAction), Array)
#9 /Users/sagaranumala/Documents/Test/yii/framework/web/CWebApplication.php(282): CController->run('index')
#10 /Users/sagaranumala/Documents/Test/yii/framework/web/CWebApplication.php(141): CWebApplication->runController('post/index')
#11 /Users/sagaranumala/Documents/Test/yii/framework/base/CApplication.php(185): CWebApplication->processRequest()
#12 /Users/sagaranumala/Documents/Test/myapp/index.php(18): CApplication->run()
#13 {main}
REQUEST_URI=/post/index
---
2026/02/19 07:44:24 [error] [system.db.CDbCommand] Error in preparing SQL: SELECT * FROM post
in /Users/sagaranumala/Documents/Test/myapp/protected/controllers/PostController.php (11)
in /Users/sagaranumala/Documents/Test/myapp/index.php (18)
2026/02/19 07:44:24 [error] [system.db.CDbCommand] CDbCommand::fetchAll() failed: CDbCommand failed to prepare the SQL statement: SQLSTATE[HY000]: General error: 1 no such table: post. The SQL statement executed was: SELECT * FROM post.
in /Users/sagaranumala/Documents/Test/myapp/protected/controllers/PostController.php (11)
in /Users/sagaranumala/Documents/Test/myapp/index.php (18)
2026/02/19 07:44:24 [error] [exception.CDbException] CDbException: CDbCommand failed to execute the SQL statement: CDbCommand failed to prepare the SQL statement: SQLSTATE[HY000]: General error: 1 no such table: post. The SQL statement executed was: SELECT * FROM post in /Users/sagaranumala/Documents/Test/yii/framework/db/CDbCommand.php:543
Stack trace:
#0 /Users/sagaranumala/Documents/Test/yii/framework/db/CDbCommand.php(396): CDbCommand->queryInternal('fetchAll', Array, Array)
#1 /Users/sagaranumala/Documents/Test/myapp/protected/controllers/PostController.php(11): CDbCommand->queryAll()
#2 /Users/sagaranumala/Documents/Test/yii/framework/web/actions/CInlineAction.php(49): PostController->actionIndex()
#3 /Users/sagaranumala/Documents/Test/yii/framework/web/CController.php(308): CInlineAction->runWithParams(Array)
#4 /Users/sagaranumala/Documents/Test/yii/framework/web/CController.php(286): CController->runAction(Object(CInlineAction))
#5 /Users/sagaranumala/Documents/Test/yii/framework/web/CController.php(265): CController->runActionWithFilters(Object(CInlineAction), Array)
#6 /Users/sagaranumala/Documents/Test/yii/framework/web/CWebApplication.php(282): CController->run('index')
#7 /Users/sagaranumala/Documents/Test/yii/framework/web/CWebApplication.php(141): CWebApplication->runController('post/index')
#8 /Users/sagaranumala/Documents/Test/yii/framework/base/CApplication.php(185): CWebApplication->processRequest()
#9 /Users/sagaranumala/Documents/Test/myapp/index.php(18): CApplication->run()
#10 {main}
REQUEST_URI=/post/index
---
2026/02/19 07:44:24 [error] [system.db.CDbCommand] Error in preparing SQL: SELECT * FROM post
in /Users/sagaranumala/Documents/Test/myapp/protected/controllers/PostController.php (11)
in /Users/sagaranumala/Documents/Test/myapp/index.php (18)
2026/02/19 07:44:24 [error] [system.db.CDbCommand] CDbCommand::fetchAll() failed: CDbCommand failed to prepare the SQL statement: SQLSTATE[HY000]: General error: 1 no such table: post. The SQL statement executed was: SELECT * FROM post.
in /Users/sagaranumala/Documents/Test/myapp/protected/controllers/PostController.php (11)
in /Users/sagaranumala/Documents/Test/myapp/index.php (18)
2026/02/19 07:44:24 [error] [exception.CDbException] CDbException: CDbCommand failed to execute the SQL statement: CDbCommand failed to prepare the SQL statement: SQLSTATE[HY000]: General error: 1 no such table: post. The SQL statement executed was: SELECT * FROM post in /Users/sagaranumala/Documents/Test/yii/framework/db/CDbCommand.php:543
Stack trace:
#0 /Users/sagaranumala/Documents/Test/yii/framework/db/CDbCommand.php(396): CDbCommand->queryInternal('fetchAll', Array, Array)
#1 /Users/sagaranumala/Documents/Test/myapp/protected/controllers/PostController.php(11): CDbCommand->queryAll()
#2 /Users/sagaranumala/Documents/Test/yii/framework/web/actions/CInlineAction.php(49): PostController->actionIndex()
#3 /Users/sagaranumala/Documents/Test/yii/framework/web/CController.php(308): CInlineAction->runWithParams(Array)
#4 /Users/sagaranumala/Documents/Test/yii/framework/web/CController.php(286): CController->runAction(Object(CInlineAction))
#5 /Users/sagaranumala/Documents/Test/yii/framework/web/CController.php(265): CController->runActionWithFilters(Object(CInlineAction), Array)
#6 /Users/sagaranumala/Documents/Test/yii/framework/web/CWebApplication.php(282): CController->run('index')
#7 /Users/sagaranumala/Documents/Test/yii/framework/web/CWebApplication.php(141): CWebApplication->runController('post/index')
#8 /Users/sagaranumala/Documents/Test/yii/framework/base/CApplication.php(185): CWebApplication->processRequest()
#9 /Users/sagaranumala/Documents/Test/myapp/index.php(18): CApplication->run()
#10 {main}
REQUEST_URI=/post/index
---
2026/02/19 07:44:25 [error] [system.db.CDbCommand] Error in preparing SQL: SELECT * FROM post
in /Users/sagaranumala/Documents/Test/myapp/protected/controllers/PostController.php (11)
in /Users/sagaranumala/Documents/Test/myapp/index.php (18)
2026/02/19 07:44:25 [error] [system.db.CDbCommand] CDbCommand::fetchAll() failed: CDbCommand failed to prepare the SQL statement: SQLSTATE[HY000]: General error: 1 no such table: post. The SQL statement executed was: SELECT * FROM post.
in /Users/sagaranumala/Documents/Test/myapp/protected/controllers/PostController.php (11)
in /Users/sagaranumala/Documents/Test/myapp/index.php (18)
2026/02/19 07:44:25 [error] [exception.CDbException] CDbException: CDbCommand failed to execute the SQL statement: CDbCommand failed to prepare the SQL statement: SQLSTATE[HY000]: General error: 1 no such table: post. The SQL statement executed was: SELECT * FROM post in /Users/sagaranumala/Documents/Test/yii/framework/db/CDbCommand.php:543
Stack trace:
#0 /Users/sagaranumala/Documents/Test/yii/framework/db/CDbCommand.php(396): CDbCommand->queryInternal('fetchAll', Array, Array)
#1 /Users/sagaranumala/Documents/Test/myapp/protected/controllers/PostController.php(11): CDbCommand->queryAll()
#2 /Users/sagaranumala/Documents/Test/yii/framework/web/actions/CInlineAction.php(49): PostController->actionIndex()
#3 /Users/sagaranumala/Documents/Test/yii/framework/web/CController.php(308): CInlineAction->runWithParams(Array)
#4 /Users/sagaranumala/Documents/Test/yii/framework/web/CController.php(286): CController->runAction(Object(CInlineAction))
#5 /Users/sagaranumala/Documents/Test/yii/framework/web/CController.php(265): CController->runActionWithFilters(Object(CInlineAction), Array)
#6 /Users/sagaranumala/Documents/Test/yii/framework/web/CWebApplication.php(282): CController->run('index')
#7 /Users/sagaranumala/Documents/Test/yii/framework/web/CWebApplication.php(141): CWebApplication->runController('post/index')
#8 /Users/sagaranumala/Documents/Test/yii/framework/base/CApplication.php(185): CWebApplication->processRequest()
#9 /Users/sagaranumala/Documents/Test/myapp/index.php(18): CApplication->run()
#10 {main}
REQUEST_URI=/post/index
---
2026/02/19 07:44:25 [error] [system.db.CDbCommand] Error in preparing SQL: SELECT * FROM post
in /Users/sagaranumala/Documents/Test/myapp/protected/controllers/PostController.php (11)
in /Users/sagaranumala/Documents/Test/myapp/index.php (18)
2026/02/19 07:44:25 [error] [system.db.CDbCommand] CDbCommand::fetchAll() failed: CDbCommand failed to prepare the SQL statement: SQLSTATE[HY000]: General error: 1 no such table: post. The SQL statement executed was: SELECT * FROM post.
in /Users/sagaranumala/Documents/Test/myapp/protected/controllers/PostController.php (11)
in /Users/sagaranumala/Documents/Test/myapp/index.php (18)
2026/02/19 07:44:25 [error] [exception.CDbException] CDbException: CDbCommand failed to execute the SQL statement: CDbCommand failed to prepare the SQL statement: SQLSTATE[HY000]: General error: 1 no such table: post. The SQL statement executed was: SELECT * FROM post in /Users/sagaranumala/Documents/Test/yii/framework/db/CDbCommand.php:543
Stack trace:
#0 /Users/sagaranumala/Documents/Test/yii/framework/db/CDbCommand.php(396): CDbCommand->queryInternal('fetchAll', Array, Array)
#1 /Users/sagaranumala/Documents/Test/myapp/protected/controllers/PostController.php(11): CDbCommand->queryAll()
#2 /Users/sagaranumala/Documents/Test/yii/framework/web/actions/CInlineAction.php(49): PostController->actionIndex()
#3 /Users/sagaranumala/Documents/Test/yii/framework/web/CController.php(308): CInlineAction->runWithParams(Array)
#4 /Users/sagaranumala/Documents/Test/yii/framework/web/CController.php(286): CController->runAction(Object(CInlineAction))
#5 /Users/sagaranumala/Documents/Test/yii/framework/web/CController.php(265): CController->runActionWithFilters(Object(CInlineAction), Array)
#6 /Users/sagaranumala/Documents/Test/yii/framework/web/CWebApplication.php(282): CController->run('index')
#7 /Users/sagaranumala/Documents/Test/yii/framework/web/CWebApplication.php(141): CWebApplication->runController('post/index')
#8 /Users/sagaranumala/Documents/Test/yii/framework/base/CApplication.php(185): CWebApplication->processRequest()
#9 /Users/sagaranumala/Documents/Test/myapp/index.php(18): CApplication->run()
#10 {main}
REQUEST_URI=/post/index
---
2026/02/19 07:47:35 [error] [exception.CException] CException: Property "CDbConnection.db" is not defined. in /Users/sagaranumala/Documents/Test/yii/framework/base/CComponent.php:173
Stack trace:
#0 /Users/sagaranumala/Documents/Test/yii/framework/YiiBase.php(220): CComponent->__set('db', Array)
#1 /Users/sagaranumala/Documents/Test/yii/framework/base/CModule.php(393): YiiBase::createComponent(Array)
#2 /Users/sagaranumala/Documents/Test/yii/framework/base/CModule.php(103): CModule->getComponent('db')
#3 /Users/sagaranumala/Documents/Test/myapp/protected/controllers/PostController.php(9): CModule->__get('db')
#4 /Users/sagaranumala/Documents/Test/yii/framework/web/actions/CInlineAction.php(49): PostController->actionIndex()
#5 /Users/sagaranumala/Documents/Test/yii/framework/web/CController.php(308): CInlineAction->runWithParams(Array)
#6 /Users/sagaranumala/Documents/Test/yii/framework/web/CController.php(286): CController->runAction(Object(CInlineAction))
#7 /Users/sagaranumala/Documents/Test/yii/framework/web/CController.php(265): CController->runActionWithFilters(Object(CInlineAction), Array)
#8 /Users/sagaranumala/Documents/Test/yii/framework/web/CWebApplication.php(282): CController->run('index')
#9 /Users/sagaranumala/Documents/Test/yii/framework/web/CWebApplication.php(141): CWebApplication->runController('post/index')
#10 /Users/sagaranumala/Documents/Test/yii/framework/base/CApplication.php(185): CWebApplication->processRequest()
#11 /Users/sagaranumala/Documents/Test/myapp/index.php(18): CApplication->run()
#12 {main}
REQUEST_URI=/post/index
---
2026/02/19 07:47:56 [error] [exception.CException] CException: Property "CDbConnection.db" is not defined. in /Users/sagaranumala/Documents/Test/yii/framework/base/CComponent.php:173
Stack trace:
#0 /Users/sagaranumala/Documents/Test/yii/framework/YiiBase.php(220): CComponent->__set('db', Array)
#1 /Users/sagaranumala/Documents/Test/yii/framework/base/CModule.php(393): YiiBase::createComponent(Array)
#2 /Users/sagaranumala/Documents/Test/yii/framework/base/CApplication.php(459): CModule->getComponent('db')
#3 /Users/sagaranumala/Documents/Test/yii/framework/db/ar/CActiveRecord.php(639): CApplication->getDb()
#4 /Users/sagaranumala/Documents/Test/yii/framework/db/ar/CActiveRecord.php(672): CActiveRecord->getDbConnection()
#5 /Users/sagaranumala/Documents/Test/yii/framework/db/ar/CActiveRecord.php(1477): CActiveRecord->getCommandBuilder()
#6 /Users/sagaranumala/Documents/Test/myapp/protected/controllers/PostController.php(10): CActiveRecord->findAll()
#7 /Users/sagaranumala/Documents/Test/yii/framework/web/actions/CInlineAction.php(49): PostController->actionIndex()
#8 /Users/sagaranumala/Documents/Test/yii/framework/web/CController.php(308): CInlineAction->runWithParams(Array)
#9 /Users/sagaranumala/Documents/Test/yii/framework/web/CController.php(286): CController->runAction(Object(CInlineAction))
#10 /Users/sagaranumala/Documents/Test/yii/framework/web/CController.php(265): CController->runActionWithFilters(Object(CInlineAction), Array)
#11 /Users/sagaranumala/Documents/Test/yii/framework/web/CWebApplication.php(282): CController->run('index')
#12 /Users/sagaranumala/Documents/Test/yii/framework/web/CWebApplication.php(141): CWebApplication->runController('post/index')
#13 /Users/sagaranumala/Documents/Test/yii/framework/base/CApplication.php(185): CWebApplication->processRequest()
#14 /Users/sagaranumala/Documents/Test/myapp/index.php(18): CApplication->run()
#15 {main}
REQUEST_URI=/post/index
---
2026/02/19 07:47:57 [error] [exception.CException] CException: Property "CDbConnection.db" is not defined. in /Users/sagaranumala/Documents/Test/yii/framework/base/CComponent.php:173
Stack trace:
#0 /Users/sagaranumala/Documents/Test/yii/framework/YiiBase.php(220): CComponent->__set('db', Array)
#1 /Users/sagaranumala/Documents/Test/yii/framework/base/CModule.php(393): YiiBase::createComponent(Array)
#2 /Users/sagaranumala/Documents/Test/yii/framework/base/CApplication.php(459): CModule->getComponent('db')
#3 /Users/sagaranumala/Documents/Test/yii/framework/db/ar/CActiveRecord.php(639): CApplication->getDb()
#4 /Users/sagaranumala/Documents/Test/yii/framework/db/ar/CActiveRecord.php(672): CActiveRecord->getDbConnection()
#5 /Users/sagaranumala/Documents/Test/yii/framework/db/ar/CActiveRecord.php(1477): CActiveRecord->getCommandBuilder()
#6 /Users/sagaranumala/Documents/Test/myapp/protected/controllers/PostController.php(10): CActiveRecord->findAll()
#7 /Users/sagaranumala/Documents/Test/yii/framework/web/actions/CInlineAction.php(49): PostController->actionIndex()
#8 /Users/sagaranumala/Documents/Test/yii/framework/web/CController.php(308): CInlineAction->runWithParams(Array)
#9 /Users/sagaranumala/Documents/Test/yii/framework/web/CController.php(286): CController->runAction(Object(CInlineAction))
#10 /Users/sagaranumala/Documents/Test/yii/framework/web/CController.php(265): CController->runActionWithFilters(Object(CInlineAction), Array)
#11 /Users/sagaranumala/Documents/Test/yii/framework/web/CWebApplication.php(282): CController->run('index')
#12 /Users/sagaranumala/Documents/Test/yii/framework/web/CWebApplication.php(141): CWebApplication->runController('post/index')
#13 /Users/sagaranumala/Documents/Test/yii/framework/base/CApplication.php(185): CWebApplication->processRequest()
#14 /Users/sagaranumala/Documents/Test/myapp/index.php(18): CApplication->run()
#15 {main}
REQUEST_URI=/post/index
---
2026/02/19 07:47:57 [error] [exception.CException] CException: Property "CDbConnection.db" is not defined. in /Users/sagaranumala/Documents/Test/yii/framework/base/CComponent.php:173
Stack trace:
#0 /Users/sagaranumala/Documents/Test/yii/framework/YiiBase.php(220): CComponent->__set('db', Array)
#1 /Users/sagaranumala/Documents/Test/yii/framework/base/CModule.php(393): YiiBase::createComponent(Array)
#2 /Users/sagaranumala/Documents/Test/yii/framework/base/CApplication.php(459): CModule->getComponent('db')
#3 /Users/sagaranumala/Documents/Test/yii/framework/db/ar/CActiveRecord.php(639): CApplication->getDb()
#4 /Users/sagaranumala/Documents/Test/yii/framework/db/ar/CActiveRecord.php(672): CActiveRecord->getDbConnection()
#5 /Users/sagaranumala/Documents/Test/yii/framework/db/ar/CActiveRecord.php(1477): CActiveRecord->getCommandBuilder()
#6 /Users/sagaranumala/Documents/Test/myapp/protected/controllers/PostController.php(10): CActiveRecord->findAll()
#7 /Users/sagaranumala/Documents/Test/yii/framework/web/actions/CInlineAction.php(49): PostController->actionIndex()
#8 /Users/sagaranumala/Documents/Test/yii/framework/web/CController.php(308): CInlineAction->runWithParams(Array)
#9 /Users/sagaranumala/Documents/Test/yii/framework/web/CController.php(286): CController->runAction(Object(CInlineAction))
#10 /Users/sagaranumala/Documents/Test/yii/framework/web/CController.php(265): CController->runActionWithFilters(Object(CInlineAction), Array)
#11 /Users/sagaranumala/Documents/Test/yii/framework/web/CWebApplication.php(282): CController->run('index')
#12 /Users/sagaranumala/Documents/Test/yii/framework/web/CWebApplication.php(141): CWebApplication->runController('post/index')
#13 /Users/sagaranumala/Documents/Test/yii/framework/base/CApplication.php(185): CWebApplication->processRequest()
#14 /Users/sagaranumala/Documents/Test/myapp/index.php(18): CApplication->run()
#15 {main}
REQUEST_URI=/post/index
---
2026/02/19 07:47:57 [error] [exception.CException] CException: Property "CDbConnection.db" is not defined. in /Users/sagaranumala/Documents/Test/yii/framework/base/CComponent.php:173
Stack trace:
#0 /Users/sagaranumala/Documents/Test/yii/framework/YiiBase.php(220): CComponent->__set('db', Array)
#1 /Users/sagaranumala/Documents/Test/yii/framework/base/CModule.php(393): YiiBase::createComponent(Array)
#2 /Users/sagaranumala/Documents/Test/yii/framework/base/CApplication.php(459): CModule->getComponent('db')
#3 /Users/sagaranumala/Documents/Test/yii/framework/db/ar/CActiveRecord.php(639): CApplication->getDb()
#4 /Users/sagaranumala/Documents/Test/yii/framework/db/ar/CActiveRecord.php(672): CActiveRecord->getDbConnection()
#5 /Users/sagaranumala/Documents/Test/yii/framework/db/ar/CActiveRecord.php(1477): CActiveRecord->getCommandBuilder()
#6 /Users/sagaranumala/Documents/Test/myapp/protected/controllers/PostController.php(10): CActiveRecord->findAll()
#7 /Users/sagaranumala/Documents/Test/yii/framework/web/actions/CInlineAction.php(49): PostController->actionIndex()
#8 /Users/sagaranumala/Documents/Test/yii/framework/web/CController.php(308): CInlineAction->runWithParams(Array)
#9 /Users/sagaranumala/Documents/Test/yii/framework/web/CController.php(286): CController->runAction(Object(CInlineAction))
#10 /Users/sagaranumala/Documents/Test/yii/framework/web/CController.php(265): CController->runActionWithFilters(Object(CInlineAction), Array)
#11 /Users/sagaranumala/Documents/Test/yii/framework/web/CWebApplication.php(282): CController->run('index')
#12 /Users/sagaranumala/Documents/Test/yii/framework/web/CWebApplication.php(141): CWebApplication->runController('post/index')
#13 /Users/sagaranumala/Documents/Test/yii/framework/base/CApplication.php(185): CWebApplication->processRequest()
#14 /Users/sagaranumala/Documents/Test/myapp/index.php(18): CApplication->run()
#15 {main}
REQUEST_URI=/post/index
---
2026/02/19 07:47:57 [error] [exception.CException] CException: Property "CDbConnection.db" is not defined. in /Users/sagaranumala/Documents/Test/yii/framework/base/CComponent.php:173
Stack trace:
#0 /Users/sagaranumala/Documents/Test/yii/framework/YiiBase.php(220): CComponent->__set('db', Array)
#1 /Users/sagaranumala/Documents/Test/yii/framework/base/CModule.php(393): YiiBase::createComponent(Array)
#2 /Users/sagaranumala/Documents/Test/yii/framework/base/CApplication.php(459): CModule->getComponent('db')
#3 /Users/sagaranumala/Documents/Test/yii/framework/db/ar/CActiveRecord.php(639): CApplication->getDb()
#4 /Users/sagaranumala/Documents/Test/yii/framework/db/ar/CActiveRecord.php(672): CActiveRecord->getDbConnection()
#5 /Users/sagaranumala/Documents/Test/yii/framework/db/ar/CActiveRecord.php(1477): CActiveRecord->getCommandBuilder()
#6 /Users/sagaranumala/Documents/Test/myapp/protected/controllers/PostController.php(10): CActiveRecord->findAll()
#7 /Users/sagaranumala/Documents/Test/yii/framework/web/actions/CInlineAction.php(49): PostController->actionIndex()
#8 /Users/sagaranumala/Documents/Test/yii/framework/web/CController.php(308): CInlineAction->runWithParams(Array)
#9 /Users/sagaranumala/Documents/Test/yii/framework/web/CController.php(286): CController->runAction(Object(CInlineAction))
#10 /Users/sagaranumala/Documents/Test/yii/framework/web/CController.php(265): CController->runActionWithFilters(Object(CInlineAction), Array)
#11 /Users/sagaranumala/Documents/Test/yii/framework/web/CWebApplication.php(282): CController->run('index')
#12 /Users/sagaranumala/Documents/Test/yii/framework/web/CWebApplication.php(141): CWebApplication->runController('post/index')
#13 /Users/sagaranumala/Documents/Test/yii/framework/base/CApplication.php(185): CWebApplication->processRequest()
#14 /Users/sagaranumala/Documents/Test/myapp/index.php(18): CApplication->run()
#15 {main}
REQUEST_URI=/post/index
---
2026/02/19 07:48:12 [error] [exception.CDbException] CDbException: CDbConnection failed to open the DB connection: SQLSTATE[HY000] [1049] Unknown database 'arshad' in /Users/sagaranumala/Documents/Test/yii/framework/db/CDbConnection.php:399
Stack trace:
#0 /Users/sagaranumala/Documents/Test/yii/framework/db/CDbConnection.php(347): CDbConnection->open()
#1 /Users/sagaranumala/Documents/Test/yii/framework/db/CDbConnection.php(325): CDbConnection->setActive(true)
#2 /Users/sagaranumala/Documents/Test/yii/framework/base/CModule.php(394): CDbConnection->init()
#3 /Users/sagaranumala/Documents/Test/yii/framework/base/CApplication.php(459): CModule->getComponent('db')
#4 /Users/sagaranumala/Documents/Test/yii/framework/db/ar/CActiveRecord.php(639): CApplication->getDb()
#5 /Users/sagaranumala/Documents/Test/yii/framework/db/ar/CActiveRecord.php(672): CActiveRecord->getDbConnection()
#6 /Users/sagaranumala/Documents/Test/yii/framework/db/ar/CActiveRecord.php(1477): CActiveRecord->getCommandBuilder()
#7 /Users/sagaranumala/Documents/Test/myapp/protected/controllers/PostController.php(10): CActiveRecord->findAll()
#8 /Users/sagaranumala/Documents/Test/yii/framework/web/actions/CInlineAction.php(49): PostController->actionIndex()
#9 /Users/sagaranumala/Documents/Test/yii/framework/web/CController.php(308): CInlineAction->runWithParams(Array)
#10 /Users/sagaranumala/Documents/Test/yii/framework/web/CController.php(286): CController->runAction(Object(CInlineAction))
#11 /Users/sagaranumala/Documents/Test/yii/framework/web/CController.php(265): CController->runActionWithFilters(Object(CInlineAction), Array)
#12 /Users/sagaranumala/Documents/Test/yii/framework/web/CWebApplication.php(282): CController->run('index')
#13 /Users/sagaranumala/Documents/Test/yii/framework/web/CWebApplication.php(141): CWebApplication->runController('post/index')
#14 /Users/sagaranumala/Documents/Test/yii/framework/base/CApplication.php(185): CWebApplication->processRequest()
#15 /Users/sagaranumala/Documents/Test/myapp/index.php(18): CApplication->run()
#16 {main}
REQUEST_URI=/post/index
---
2026/02/19 07:48:13 [error] [exception.CDbException] CDbException: CDbConnection failed to open the DB connection: SQLSTATE[HY000] [1049] Unknown database 'arshad' in /Users/sagaranumala/Documents/Test/yii/framework/db/CDbConnection.php:399
Stack trace:
#0 /Users/sagaranumala/Documents/Test/yii/framework/db/CDbConnection.php(347): CDbConnection->open()
#1 /Users/sagaranumala/Documents/Test/yii/framework/db/CDbConnection.php(325): CDbConnection->setActive(true)
#2 /Users/sagaranumala/Documents/Test/yii/framework/base/CModule.php(394): CDbConnection->init()
#3 /Users/sagaranumala/Documents/Test/yii/framework/base/CApplication.php(459): CModule->getComponent('db')
#4 /Users/sagaranumala/Documents/Test/yii/framework/db/ar/CActiveRecord.php(639): CApplication->getDb()
#5 /Users/sagaranumala/Documents/Test/yii/framework/db/ar/CActiveRecord.php(672): CActiveRecord->getDbConnection()
#6 /Users/sagaranumala/Documents/Test/yii/framework/db/ar/CActiveRecord.php(1477): CActiveRecord->getCommandBuilder()
#7 /Users/sagaranumala/Documents/Test/myapp/protected/controllers/PostController.php(10): CActiveRecord->findAll()
#8 /Users/sagaranumala/Documents/Test/yii/framework/web/actions/CInlineAction.php(49): PostController->actionIndex()
#9 /Users/sagaranumala/Documents/Test/yii/framework/web/CController.php(308): CInlineAction->runWithParams(Array)
#10 /Users/sagaranumala/Documents/Test/yii/framework/web/CController.php(286): CController->runAction(Object(CInlineAction))
#11 /Users/sagaranumala/Documents/Test/yii/framework/web/CController.php(265): CController->runActionWithFilters(Object(CInlineAction), Array)
#12 /Users/sagaranumala/Documents/Test/yii/framework/web/CWebApplication.php(282): CController->run('index')
#13 /Users/sagaranumala/Documents/Test/yii/framework/web/CWebApplication.php(141): CWebApplication->runController('post/index')
#14 /Users/sagaranumala/Documents/Test/yii/framework/base/CApplication.php(185): CWebApplication->processRequest()
#15 /Users/sagaranumala/Documents/Test/myapp/index.php(18): CApplication->run()
#16 {main}
REQUEST_URI=/post/index
---
2026/02/19 07:48:51 [error] [exception.CDbException] CDbException: CDbConnection failed to open the DB connection: SQLSTATE[HY000] [1049] Unknown database 'arshad' in /Users/sagaranumala/Documents/Test/yii/framework/db/CDbConnection.php:399
Stack trace:
#0 /Users/sagaranumala/Documents/Test/yii/framework/db/CDbConnection.php(347): CDbConnection->open()
#1 /Users/sagaranumala/Documents/Test/yii/framework/db/CDbConnection.php(325): CDbConnection->setActive(true)
#2 /Users/sagaranumala/Documents/Test/yii/framework/base/CModule.php(394): CDbConnection->init()
#3 /Users/sagaranumala/Documents/Test/yii/framework/base/CModule.php(103): CModule->getComponent('db')
#4 /Users/sagaranumala/Documents/Test/myapp/protected/controllers/PostController.php(10): CModule->__get('db')
#5 /Users/sagaranumala/Documents/Test/yii/framework/web/actions/CInlineAction.php(49): PostController->actionIndex()
#6 /Users/sagaranumala/Documents/Test/yii/framework/web/CController.php(308): CInlineAction->runWithParams(Array)
#7 /Users/sagaranumala/Documents/Test/yii/framework/web/CController.php(286): CController->runAction(Object(CInlineAction))
#8 /Users/sagaranumala/Documents/Test/yii/framework/web/CController.php(265): CController->runActionWithFilters(Object(CInlineAction), Array)
#9 /Users/sagaranumala/Documents/Test/yii/framework/web/CWebApplication.php(282): CController->run('index')
#10 /Users/sagaranumala/Documents/Test/yii/framework/web/CWebApplication.php(141): CWebApplication->runController('post/index')
#11 /Users/sagaranumala/Documents/Test/yii/framework/base/CApplication.php(185): CWebApplication->processRequest()
#12 /Users/sagaranumala/Documents/Test/myapp/index.php(18): CApplication->run()
#13 {main}
REQUEST_URI=/post/index
---
2026/02/19 07:48:52 [error] [exception.CDbException] CDbException: CDbConnection failed to open the DB connection: SQLSTATE[HY000] [1049] Unknown database 'arshad' in /Users/sagaranumala/Documents/Test/yii/framework/db/CDbConnection.php:399
Stack trace:
#0 /Users/sagaranumala/Documents/Test/yii/framework/db/CDbConnection.php(347): CDbConnection->open()
#1 /Users/sagaranumala/Documents/Test/yii/framework/db/CDbConnection.php(325): CDbConnection->setActive(true)
#2 /Users/sagaranumala/Documents/Test/yii/framework/base/CModule.php(394): CDbConnection->init()
#3 /Users/sagaranumala/Documents/Test/yii/framework/base/CModule.php(103): CModule->getComponent('db')
#4 /Users/sagaranumala/Documents/Test/myapp/protected/controllers/PostController.php(10): CModule->__get('db')
#5 /Users/sagaranumala/Documents/Test/yii/framework/web/actions/CInlineAction.php(49): PostController->actionIndex()
#6 /Users/sagaranumala/Documents/Test/yii/framework/web/CController.php(308): CInlineAction->runWithParams(Array)
#7 /Users/sagaranumala/Documents/Test/yii/framework/web/CController.php(286): CController->runAction(Object(CInlineAction))
#8 /Users/sagaranumala/Documents/Test/yii/framework/web/CController.php(265): CController->runActionWithFilters(Object(CInlineAction), Array)
#9 /Users/sagaranumala/Documents/Test/yii/framework/web/CWebApplication.php(282): CController->run('index')
#10 /Users/sagaranumala/Documents/Test/yii/framework/web/CWebApplication.php(141): CWebApplication->runController('post/index')
#11 /Users/sagaranumala/Documents/Test/yii/framework/base/CApplication.php(185): CWebApplication->processRequest()
#12 /Users/sagaranumala/Documents/Test/myapp/index.php(18): CApplication->run()
#13 {main}
REQUEST_URI=/post/index
---
2026/02/19 07:48:52 [error] [exception.CDbException] CDbException: CDbConnection failed to open the DB connection: SQLSTATE[HY000] [1049] Unknown database 'arshad' in /Users/sagaranumala/Documents/Test/yii/framework/db/CDbConnection.php:399
Stack trace:
#0 /Users/sagaranumala/Documents/Test/yii/framework/db/CDbConnection.php(347): CDbConnection->open()
#1 /Users/sagaranumala/Documents/Test/yii/framework/db/CDbConnection.php(325): CDbConnection->setActive(true)
#2 /Users/sagaranumala/Documents/Test/yii/framework/base/CModule.php(394): CDbConnection->init()
#3 /Users/sagaranumala/Documents/Test/yii/framework/base/CModule.php(103): CModule->getComponent('db')
#4 /Users/sagaranumala/Documents/Test/myapp/protected/controllers/PostController.php(10): CModule->__get('db')
#5 /Users/sagaranumala/Documents/Test/yii/framework/web/actions/CInlineAction.php(49): PostController->actionIndex()
#6 /Users/sagaranumala/Documents/Test/yii/framework/web/CController.php(308): CInlineAction->runWithParams(Array)
#7 /Users/sagaranumala/Documents/Test/yii/framework/web/CController.php(286): CController->runAction(Object(CInlineAction))
#8 /Users/sagaranumala/Documents/Test/yii/framework/web/CController.php(265): CController->runActionWithFilters(Object(CInlineAction), Array)
#9 /Users/sagaranumala/Documents/Test/yii/framework/web/CWebApplication.php(282): CController->run('index')
#10 /Users/sagaranumala/Documents/Test/yii/framework/web/CWebApplication.php(141): CWebApplication->runController('post/index')
#11 /Users/sagaranumala/Documents/Test/yii/framework/base/CApplication.php(185): CWebApplication->processRequest()
#12 /Users/sagaranumala/Documents/Test/myapp/index.php(18): CApplication->run()
#13 {main}
REQUEST_URI=/post/index
---
2026/02/19 07:48:52 [error] [exception.CDbException] CDbException: CDbConnection failed to open the DB connection: SQLSTATE[HY000] [1049] Unknown database 'arshad' in /Users/sagaranumala/Documents/Test/yii/framework/db/CDbConnection.php:399
Stack trace:
#0 /Users/sagaranumala/Documents/Test/yii/framework/db/CDbConnection.php(347): CDbConnection->open()
#1 /Users/sagaranumala/Documents/Test/yii/framework/db/CDbConnection.php(325): CDbConnection->setActive(true)
#2 /Users/sagaranumala/Documents/Test/yii/framework/base/CModule.php(394): CDbConnection->init()
#3 /Users/sagaranumala/Documents/Test/yii/framework/base/CModule.php(103): CModule->getComponent('db')
#4 /Users/sagaranumala/Documents/Test/myapp/protected/controllers/PostController.php(10): CModule->__get('db')
#5 /Users/sagaranumala/Documents/Test/yii/framework/web/actions/CInlineAction.php(49): PostController->actionIndex()
#6 /Users/sagaranumala/Documents/Test/yii/framework/web/CController.php(308): CInlineAction->runWithParams(Array)
#7 /Users/sagaranumala/Documents/Test/yii/framework/web/CController.php(286): CController->runAction(Object(CInlineAction))
#8 /Users/sagaranumala/Documents/Test/yii/framework/web/CController.php(265): CController->runActionWithFilters(Object(CInlineAction), Array)
#9 /Users/sagaranumala/Documents/Test/yii/framework/web/CWebApplication.php(282): CController->run('index')
#10 /Users/sagaranumala/Documents/Test/yii/framework/web/CWebApplication.php(141): CWebApplication->runController('post/index')
#11 /Users/sagaranumala/Documents/Test/yii/framework/base/CApplication.php(185): CWebApplication->processRequest()
#12 /Users/sagaranumala/Documents/Test/myapp/index.php(18): CApplication->run()
#13 {main}
REQUEST_URI=/post/index
---
2026/02/19 07:50:17 [error] [exception.CDbException] CDbException: CDbConnection failed to open the DB connection: SQLSTATE[HY000] [1045] Access denied for user 'root'@'localhost' (using password: YES) in /Users/sagaranumala/Documents/Test/yii/framework/db/CDbConnection.php:399
Stack trace:
#0 /Users/sagaranumala/Documents/Test/yii/framework/db/CDbConnection.php(347): CDbConnection->open()
#1 /Users/sagaranumala/Documents/Test/yii/framework/db/CDbConnection.php(325): CDbConnection->setActive(true)
#2 /Users/sagaranumala/Documents/Test/yii/framework/base/CModule.php(394): CDbConnection->init()
#3 /Users/sagaranumala/Documents/Test/yii/framework/base/CModule.php(103): CModule->getComponent('db')
#4 /Users/sagaranumala/Documents/Test/myapp/protected/controllers/PostController.php(10): CModule->__get('db')
#5 /Users/sagaranumala/Documents/Test/yii/framework/web/actions/CInlineAction.php(49): PostController->actionIndex()
#6 /Users/sagaranumala/Documents/Test/yii/framework/web/CController.php(308): CInlineAction->runWithParams(Array)
#7 /Users/sagaranumala/Documents/Test/yii/framework/web/CController.php(286): CController->runAction(Object(CInlineAction))
#8 /Users/sagaranumala/Documents/Test/yii/framework/web/CController.php(265): CController->runActionWithFilters(Object(CInlineAction), Array)
#9 /Users/sagaranumala/Documents/Test/yii/framework/web/CWebApplication.php(282): CController->run('index')
#10 /Users/sagaranumala/Documents/Test/yii/framework/web/CWebApplication.php(141): CWebApplication->runController('post/index')
#11 /Users/sagaranumala/Documents/Test/yii/framework/base/CApplication.php(185): CWebApplication->processRequest()
#12 /Users/sagaranumala/Documents/Test/myapp/index.php(18): CApplication->run()
#13 {main}
REQUEST_URI=/post/index
---
2026/02/19 07:50:18 [error] [exception.CDbException] CDbException: CDbConnection failed to open the DB connection: SQLSTATE[HY000] [1045] Access denied for user 'root'@'localhost' (using password: YES) in /Users/sagaranumala/Documents/Test/yii/framework/db/CDbConnection.php:399
Stack trace:
#0 /Users/sagaranumala/Documents/Test/yii/framework/db/CDbConnection.php(347): CDbConnection->open()
#1 /Users/sagaranumala/Documents/Test/yii/framework/db/CDbConnection.php(325): CDbConnection->setActive(true)
#2 /Users/sagaranumala/Documents/Test/yii/framework/base/CModule.php(394): CDbConnection->init()
#3 /Users/sagaranumala/Documents/Test/yii/framework/base/CModule.php(103): CModule->getComponent('db')
#4 /Users/sagaranumala/Documents/Test/myapp/protected/controllers/PostController.php(10): CModule->__get('db')
#5 /Users/sagaranumala/Documents/Test/yii/framework/web/actions/CInlineAction.php(49): PostController->actionIndex()
#6 /Users/sagaranumala/Documents/Test/yii/framework/web/CController.php(308): CInlineAction->runWithParams(Array)
#7 /Users/sagaranumala/Documents/Test/yii/framework/web/CController.php(286): CController->runAction(Object(CInlineAction))
#8 /Users/sagaranumala/Documents/Test/yii/framework/web/CController.php(265): CController->runActionWithFilters(Object(CInlineAction), Array)
#9 /Users/sagaranumala/Documents/Test/yii/framework/web/CWebApplication.php(282): CController->run('index')
#10 /Users/sagaranumala/Documents/Test/yii/framework/web/CWebApplication.php(141): CWebApplication->runController('post/index')
#11 /Users/sagaranumala/Documents/Test/yii/framework/base/CApplication.php(185): CWebApplication->processRequest()
#12 /Users/sagaranumala/Documents/Test/myapp/index.php(18): CApplication->run()
#13 {main}
REQUEST_URI=/post/index
---
2026/02/19 07:50:18 [error] [exception.CDbException] CDbException: CDbConnection failed to open the DB connection: SQLSTATE[HY000] [1045] Access denied for user 'root'@'localhost' (using password: YES) in /Users/sagaranumala/Documents/Test/yii/framework/db/CDbConnection.php:399
Stack trace:
#0 /Users/sagaranumala/Documents/Test/yii/framework/db/CDbConnection.php(347): CDbConnection->open()
#1 /Users/sagaranumala/Documents/Test/yii/framework/db/CDbConnection.php(325): CDbConnection->setActive(true)
#2 /Users/sagaranumala/Documents/Test/yii/framework/base/CModule.php(394): CDbConnection->init()
#3 /Users/sagaranumala/Documents/Test/yii/framework/base/CModule.php(103): CModule->getComponent('db')
#4 /Users/sagaranumala/Documents/Test/myapp/protected/controllers/PostController.php(10): CModule->__get('db')
#5 /Users/sagaranumala/Documents/Test/yii/framework/web/actions/CInlineAction.php(49): PostController->actionIndex()
#6 /Users/sagaranumala/Documents/Test/yii/framework/web/CController.php(308): CInlineAction->runWithParams(Array)
#7 /Users/sagaranumala/Documents/Test/yii/framework/web/CController.php(286): CController->runAction(Object(CInlineAction))
#8 /Users/sagaranumala/Documents/Test/yii/framework/web/CController.php(265): CController->runActionWithFilters(Object(CInlineAction), Array)
#9 /Users/sagaranumala/Documents/Test/yii/framework/web/CWebApplication.php(282): CController->run('index')
#10 /Users/sagaranumala/Documents/Test/yii/framework/web/CWebApplication.php(141): CWebApplication->runController('post/index')
#11 /Users/sagaranumala/Documents/Test/yii/framework/base/CApplication.php(185): CWebApplication->processRequest()
#12 /Users/sagaranumala/Documents/Test/myapp/index.php(18): CApplication->run()
#13 {main}
REQUEST_URI=/post/index
---
2026/02/19 07:50:18 [error] [exception.CDbException] CDbException: CDbConnection failed to open the DB connection: SQLSTATE[HY000] [1045] Access denied for user 'root'@'localhost' (using password: YES) in /Users/sagaranumala/Documents/Test/yii/framework/db/CDbConnection.php:399
Stack trace:
#0 /Users/sagaranumala/Documents/Test/yii/framework/db/CDbConnection.php(347): CDbConnection->open()
#1 /Users/sagaranumala/Documents/Test/yii/framework/db/CDbConnection.php(325): CDbConnection->setActive(true)
#2 /Users/sagaranumala/Documents/Test/yii/framework/base/CModule.php(394): CDbConnection->init()
#3 /Users/sagaranumala/Documents/Test/yii/framework/base/CModule.php(103): CModule->getComponent('db')
#4 /Users/sagaranumala/Documents/Test/myapp/protected/controllers/PostController.php(10): CModule->__get('db')
#5 /Users/sagaranumala/Documents/Test/yii/framework/web/actions/CInlineAction.php(49): PostController->actionIndex()
#6 /Users/sagaranumala/Documents/Test/yii/framework/web/CController.php(308): CInlineAction->runWithParams(Array)
#7 /Users/sagaranumala/Documents/Test/yii/framework/web/CController.php(286): CController->runAction(Object(CInlineAction))
#8 /Users/sagaranumala/Documents/Test/yii/framework/web/CController.php(265): CController->runActionWithFilters(Object(CInlineAction), Array)
#9 /Users/sagaranumala/Documents/Test/yii/framework/web/CWebApplication.php(282): CController->run('index')
#10 /Users/sagaranumala/Documents/Test/yii/framework/web/CWebApplication.php(141): CWebApplication->runController('post/index')
#11 /Users/sagaranumala/Documents/Test/yii/framework/base/CApplication.php(185): CWebApplication->processRequest()
#12 /Users/sagaranumala/Documents/Test/myapp/index.php(18): CApplication->run()
#13 {main}
REQUEST_URI=/post/index
---
2026/02/19 07:52:03 [error] [exception.CHttpException.404] CHttpException: The system is unable to find the requested action "post". in /Users/sagaranumala/Documents/Test/yii/framework/web/CController.php:486
Stack trace:
#0 /Users/sagaranumala/Documents/Test/yii/framework/web/CController.php(270): CController->missingAction('post')
#1 /Users/sagaranumala/Documents/Test/yii/framework/web/CWebApplication.php(282): CController->run('post')
#2 /Users/sagaranumala/Documents/Test/yii/framework/web/CWebApplication.php(141): CWebApplication->runController('post/post/index')
#3 /Users/sagaranumala/Documents/Test/yii/framework/base/CApplication.php(185): CWebApplication->processRequest()
#4 /Users/sagaranumala/Documents/Test/myapp/index.php(18): CApplication->run()
#5 {main}
REQUEST_URI=/post/post/index
HTTP_REFERER=http://localhost:8000/post/create
---
2026/02/19 07:52:10 [error] [exception.CHttpException.404] CHttpException: The system is unable to find the requested action "post". in /Users/sagaranumala/Documents/Test/yii/framework/web/CController.php:486
Stack trace:
#0 /Users/sagaranumala/Documents/Test/yii/framework/web/CController.php(270): CController->missingAction('post')
#1 /Users/sagaranumala/Documents/Test/yii/framework/web/CWebApplication.php(282): CController->run('post')
#2 /Users/sagaranumala/Documents/Test/yii/framework/web/CWebApplication.php(141): CWebApplication->runController('post/post/index')
#3 /Users/sagaranumala/Documents/Test/yii/framework/base/CApplication.php(185): CWebApplication->processRequest()
#4 /Users/sagaranumala/Documents/Test/myapp/index.php(18): CApplication->run()
#5 {main}
REQUEST_URI=/post/post/index
HTTP_REFERER=http://localhost:8000/post/create
---
2026/02/19 07:52:12 [error] [exception.CHttpException.404] CHttpException: The system is unable to find the requested action "post". in /Users/sagaranumala/Documents/Test/yii/framework/web/CController.php:486
Stack trace:
#0 /Users/sagaranumala/Documents/Test/yii/framework/web/CController.php(270): CController->missingAction('post')
#1 /Users/sagaranumala/Documents/Test/yii/framework/web/CWebApplication.php(282): CController->run('post')
#2 /Users/sagaranumala/Documents/Test/yii/framework/web/CWebApplication.php(141): CWebApplication->runController('post/post/index')
#3 /Users/sagaranumala/Documents/Test/yii/framework/base/CApplication.php(185): CWebApplication->processRequest()
#4 /Users/sagaranumala/Documents/Test/myapp/index.php(18): CApplication->run()
#5 {main}
REQUEST_URI=/post/post/index
HTTP_REFERER=http://localhost:8000/post/create
---
2026/02/19 07:52:25 [error] [exception.CHttpException.404] CHttpException: The system is unable to find the requested action "post". in /Users/sagaranumala/Documents/Test/yii/framework/web/CController.php:486
Stack trace:
#0 /Users/sagaranumala/Documents/Test/yii/framework/web/CController.php(270): CController->missingAction('post')
#1 /Users/sagaranumala/Documents/Test/yii/framework/web/CWebApplication.php(282): CController->run('post')
#2 /Users/sagaranumala/Documents/Test/yii/framework/web/CWebApplication.php(141): CWebApplication->runController('post/post/index')
#3 /Users/sagaranumala/Documents/Test/yii/framework/base/CApplication.php(185): CWebApplication->processRequest()
#4 /Users/sagaranumala/Documents/Test/myapp/index.php(18): CApplication->run()
#5 {main}
REQUEST_URI=/post/post/index
HTTP_REFERER=http://localhost:8000/post/create
---
2026/02/19 07:52:28 [error] [exception.CHttpException.404] CHttpException: The system is unable to find the requested action "post". in /Users/sagaranumala/Documents/Test/yii/framework/web/CController.php:486
Stack trace:
#0 /Users/sagaranumala/Documents/Test/yii/framework/web/CController.php(270): CController->missingAction('post')
#1 /Users/sagaranumala/Documents/Test/yii/framework/web/CWebApplication.php(282): CController->run('post')
#2 /Users/sagaranumala/Documents/Test/yii/framework/web/CWebApplication.php(141): CWebApplication->runController('post/post/index')
#3 /Users/sagaranumala/Documents/Test/yii/framework/base/CApplication.php(185): CWebApplication->processRequest()
#4 /Users/sagaranumala/Documents/Test/myapp/index.php(18): CApplication->run()
#5 {main}
REQUEST_URI=/post/post/index
HTTP_REFERER=http://localhost:8000/post/create
---
2026/02/19 07:56:54 [error] [exception.CHttpException.404] CHttpException: Unable to resolve the request "indexr=gii". in /Users/sagaranumala/Documents/Test/yii/framework/web/CWebApplication.php:286
Stack trace:
#0 /Users/sagaranumala/Documents/Test/yii/framework/web/CWebApplication.php(141): CWebApplication->runController('indexr=gii')
#1 /Users/sagaranumala/Documents/Test/yii/framework/base/CApplication.php(185): CWebApplication->processRequest()
#2 /Users/sagaranumala/Documents/Test/myapp/index.php(18): CApplication->run()
#3 {main}
REQUEST_URI=/indexr=gii
---
2026/02/19 08:02:06 [error] [exception.CHttpException.403] CHttpException: You are not authorized to perform this action. in /Users/sagaranumala/Documents/Test/yii/framework/web/auth/CAccessControlFilter.php:183
Stack trace:
#0 /Users/sagaranumala/Documents/Test/yii/framework/web/auth/CAccessControlFilter.php(145): CAccessControlFilter->accessDenied(Object(CWebUser), 'You are not aut...')
#1 /Users/sagaranumala/Documents/Test/yii/framework/web/filters/CFilter.php(38): CAccessControlFilter->preFilter(Object(CFilterChain))
#2 /Users/sagaranumala/Documents/Test/yii/framework/web/CController.php(1148): CFilter->filter(Object(CFilterChain))
#3 /Users/sagaranumala/Documents/Test/yii/framework/web/filters/CInlineFilter.php(58): CController->filterAccessControl(Object(CFilterChain))
#4 /Users/sagaranumala/Documents/Test/yii/framework/web/filters/CFilterChain.php(131): CInlineFilter->filter(Object(CFilterChain))
#5 /Users/sagaranumala/Documents/Test/yii/framework/web/CController.php(291): CFilterChain->run()
#6 /Users/sagaranumala/Documents/Test/yii/framework/web/CController.php(265): CController->runActionWithFilters(Object(CInlineAction), Array)
#7 /Users/sagaranumala/Documents/Test/yii/framework/web/CWebApplication.php(282): CController->run('admin')
#8 /Users/sagaranumala/Documents/Test/yii/framework/web/CWebApplication.php(141): CWebApplication->runController('post/admin')
#9 /Users/sagaranumala/Documents/Test/yii/framework/base/CApplication.php(185): CWebApplication->processRequest()
#10 /Users/sagaranumala/Documents/Test/myapp/index.php(18): CApplication->run()
#11 {main}
REQUEST_URI=/post/admin
HTTP_REFERER=http://localhost:8000/site/login
---
2026/02/19 08:02:36 [warning] [application] Failed to set unsafe attribute "created_at" of "Post".
in /Users/sagaranumala/Documents/Test/myapp/protected/controllers/PostController.php (72)
in /Users/sagaranumala/Documents/Test/myapp/index.php (18)
2026/02/19 08:02:43 [error] [exception.CHttpException.403] CHttpException: You are not authorized to perform this action. in /Users/sagaranumala/Documents/Test/yii/framework/web/auth/CAccessControlFilter.php:183
Stack trace:
#0 /Users/sagaranumala/Documents/Test/yii/framework/web/auth/CAccessControlFilter.php(145): CAccessControlFilter->accessDenied(Object(CWebUser), 'You are not aut...')
#1 /Users/sagaranumala/Documents/Test/yii/framework/web/filters/CFilter.php(38): CAccessControlFilter->preFilter(Object(CFilterChain))
#2 /Users/sagaranumala/Documents/Test/yii/framework/web/CController.php(1148): CFilter->filter(Object(CFilterChain))
#3 /Users/sagaranumala/Documents/Test/yii/framework/web/filters/CInlineFilter.php(58): CController->filterAccessControl(Object(CFilterChain))
#4 /Users/sagaranumala/Documents/Test/yii/framework/web/filters/CFilterChain.php(131): CInlineFilter->filter(Object(CFilterChain))
#5 /Users/sagaranumala/Documents/Test/yii/framework/web/CController.php(291): CFilterChain->run()
#6 /Users/sagaranumala/Documents/Test/yii/framework/web/CController.php(265): CController->runActionWithFilters(Object(CInlineAction), Array)
#7 /Users/sagaranumala/Documents/Test/yii/framework/web/CWebApplication.php(282): CController->run('admin')
#8 /Users/sagaranumala/Documents/Test/yii/framework/web/CWebApplication.php(141): CWebApplication->runController('post/admin')
#9 /Users/sagaranumala/Documents/Test/yii/framework/base/CApplication.php(185): CWebApplication->processRequest()
#10 /Users/sagaranumala/Documents/Test/myapp/index.php(18): CApplication->run()
#11 {main}
REQUEST_URI=/post/admin
HTTP_REFERER=http://localhost:8000/post/index
---
2026/02/19 08:03:33 [error] [exception.CHttpException.403] CHttpException: You are not authorized to perform this action. in /Users/sagaranumala/Documents/Test/yii/framework/web/auth/CAccessControlFilter.php:183
Stack trace:
#0 /Users/sagaranumala/Documents/Test/yii/framework/web/auth/CAccessControlFilter.php(145): CAccessControlFilter->accessDenied(Object(CWebUser), 'You are not aut...')
#1 /Users/sagaranumala/Documents/Test/yii/framework/web/filters/CFilter.php(38): CAccessControlFilter->preFilter(Object(CFilterChain))
#2 /Users/sagaranumala/Documents/Test/yii/framework/web/CController.php(1148): CFilter->filter(Object(CFilterChain))
#3 /Users/sagaranumala/Documents/Test/yii/framework/web/filters/CInlineFilter.php(58): CController->filterAccessControl(Object(CFilterChain))
#4 /Users/sagaranumala/Documents/Test/yii/framework/web/filters/CFilterChain.php(131): CInlineFilter->filter(Object(CFilterChain))
#5 /Users/sagaranumala/Documents/Test/yii/framework/web/CController.php(291): CFilterChain->run()
#6 /Users/sagaranumala/Documents/Test/yii/framework/web/CController.php(265): CController->runActionWithFilters(Object(CInlineAction), Array)
#7 /Users/sagaranumala/Documents/Test/yii/framework/web/CWebApplication.php(282): CController->run('admin')
#8 /Users/sagaranumala/Documents/Test/yii/framework/web/CWebApplication.php(141): CWebApplication->runController('post/admin')
#9 /Users/sagaranumala/Documents/Test/yii/framework/base/CApplication.php(185): CWebApplication->processRequest()
#10 /Users/sagaranumala/Documents/Test/myapp/index.php(18): CApplication->run()
#11 {main}
REQUEST_URI=/post/admin
HTTP_REFERER=http://localhost:8000/post/index
---
2026/02/19 08:03:42 [error] [exception.CHttpException.404] CHttpException: The system is unable to find the requested action "logout". in /Users/sagaranumala/Documents/Test/yii/framework/web/CController.php:486
Stack trace:
#0 /Users/sagaranumala/Documents/Test/yii/framework/web/CController.php(270): CController->missingAction('logout')
#1 /Users/sagaranumala/Documents/Test/yii/framework/web/CWebApplication.php(282): CController->run('logout')
#2 /Users/sagaranumala/Documents/Test/yii/framework/web/CWebApplication.php(141): CWebApplication->runController('post/logout')
#3 /Users/sagaranumala/Documents/Test/yii/framework/base/CApplication.php(185): CWebApplication->processRequest()
#4 /Users/sagaranumala/Documents/Test/myapp/index.php(18): CApplication->run()
#5 {main}
REQUEST_URI=/post/logout
---
2026/02/19 08:03:44 [error] [exception.CHttpException.403] CHttpException: You are not authorized to perform this action. in /Users/sagaranumala/Documents/Test/yii/framework/web/auth/CAccessControlFilter.php:183
Stack trace:
#0 /Users/sagaranumala/Documents/Test/yii/framework/web/auth/CAccessControlFilter.php(145): CAccessControlFilter->accessDenied(Object(CWebUser), 'You are not aut...')
#1 /Users/sagaranumala/Documents/Test/yii/framework/web/filters/CFilter.php(38): CAccessControlFilter->preFilter(Object(CFilterChain))
#2 /Users/sagaranumala/Documents/Test/yii/framework/web/CController.php(1148): CFilter->filter(Object(CFilterChain))
#3 /Users/sagaranumala/Documents/Test/yii/framework/web/filters/CInlineFilter.php(58): CController->filterAccessControl(Object(CFilterChain))
#4 /Users/sagaranumala/Documents/Test/yii/framework/web/filters/CFilterChain.php(131): CInlineFilter->filter(Object(CFilterChain))
#5 /Users/sagaranumala/Documents/Test/yii/framework/web/CController.php(291): CFilterChain->run()
#6 /Users/sagaranumala/Documents/Test/yii/framework/web/CController.php(265): CController->runActionWithFilters(Object(CInlineAction), Array)
#7 /Users/sagaranumala/Documents/Test/yii/framework/web/CWebApplication.php(282): CController->run('admin')
#8 /Users/sagaranumala/Documents/Test/yii/framework/web/CWebApplication.php(141): CWebApplication->runController('post/admin')
#9 /Users/sagaranumala/Documents/Test/yii/framework/base/CApplication.php(185): CWebApplication->processRequest()
#10 /Users/sagaranumala/Documents/Test/myapp/index.php(18): CApplication->run()
#11 {main}
REQUEST_URI=/post/admin
HTTP_REFERER=http://localhost:8000/post/index
---
2026/02/19 08:04:15 [error] [exception.CException] CException: Post and its behaviors do not have a method or closure named "search". in /Users/sagaranumala/Documents/Test/yii/framework/base/CComponent.php:266
Stack trace:
#0 /Users/sagaranumala/Documents/Test/yii/framework/db/ar/CActiveRecord.php(229): CComponent->__call('search', Array)
#1 /Users/sagaranumala/Documents/Test/myapp/protected/views/post/admin.php(45): CActiveRecord->__call('search', Array)
#2 /Users/sagaranumala/Documents/Test/yii/framework/web/CBaseController.php(126): require('/Users/sagaranu...')
#3 /Users/sagaranumala/Documents/Test/yii/framework/web/CBaseController.php(95): CBaseController->renderInternal('/Users/sagaranu...', Array, true)
#4 /Users/sagaranumala/Documents/Test/yii/framework/web/CController.php(872): CBaseController->renderFile('/Users/sagaranu...', Array, true)
#5 /Users/sagaranumala/Documents/Test/yii/framework/web/CController.php(785): CController->renderPartial('admin', Array, true)
#6 /Users/sagaranumala/Documents/Test/myapp/protected/controllers/PostController.php(142): CController->render('admin', Array)
#7 /Users/sagaranumala/Documents/Test/yii/framework/web/actions/CInlineAction.php(49): PostController->actionAdmin()
#8 /Users/sagaranumala/Documents/Test/yii/framework/web/CController.php(308): CInlineAction->runWithParams(Array)
#9 /Users/sagaranumala/Documents/Test/yii/framework/web/filters/CFilterChain.php(134): CController->runAction(Object(CInlineAction))
#10 /Users/sagaranumala/Documents/Test/yii/framework/web/filters/CFilter.php(40): CFilterChain->run()
#11 /Users/sagaranumala/Documents/Test/yii/framework/web/CController.php(1148): CFilter->filter(Object(CFilterChain))
#12 /Users/sagaranumala/Documents/Test/yii/framework/web/filters/CInlineFilter.php(58): CController->filterAccessControl(Object(CFilterChain))
#13 /Users/sagaranumala/Documents/Test/yii/framework/web/filters/CFilterChain.php(131): CInlineFilter->filter(Object(CFilterChain))
#14 /Users/sagaranumala/Documents/Test/yii/framework/web/CController.php(291): CFilterChain->run()
#15 /Users/sagaranumala/Documents/Test/yii/framework/web/CController.php(265): CController->runActionWithFilters(Object(CInlineAction), Array)
#16 /Users/sagaranumala/Documents/Test/yii/framework/web/CWebApplication.php(282): CController->run('admin')
#17 /Users/sagaranumala/Documents/Test/yii/framework/web/CWebApplication.php(141): CWebApplication->runController('post/admin')
#18 /Users/sagaranumala/Documents/Test/yii/framework/base/CApplication.php(185): CWebApplication->processRequest()
#19 /Users/sagaranumala/Documents/Test/myapp/index.php(18): CApplication->run()
#20 {main}
REQUEST_URI=/post/admin
HTTP_REFERER=http://localhost:8000/post/index
---
2026/02/19 08:04:30 [error] [exception.CException] CException: Post and its behaviors do not have a method or closure named "search". in /Users/sagaranumala/Documents/Test/yii/framework/base/CComponent.php:266
Stack trace:
#0 /Users/sagaranumala/Documents/Test/yii/framework/db/ar/CActiveRecord.php(229): CComponent->__call('search', Array)
#1 /Users/sagaranumala/Documents/Test/myapp/protected/views/post/admin.php(45): CActiveRecord->__call('search', Array)
#2 /Users/sagaranumala/Documents/Test/yii/framework/web/CBaseController.php(126): require('/Users/sagaranu...')
#3 /Users/sagaranumala/Documents/Test/yii/framework/web/CBaseController.php(95): CBaseController->renderInternal('/Users/sagaranu...', Array, true)
#4 /Users/sagaranumala/Documents/Test/yii/framework/web/CController.php(872): CBaseController->renderFile('/Users/sagaranu...', Array, true)
#5 /Users/sagaranumala/Documents/Test/yii/framework/web/CController.php(785): CController->renderPartial('admin', Array, true)
#6 /Users/sagaranumala/Documents/Test/myapp/protected/controllers/PostController.php(142): CController->render('admin', Array)
#7 /Users/sagaranumala/Documents/Test/yii/framework/web/actions/CInlineAction.php(49): PostController->actionAdmin()
#8 /Users/sagaranumala/Documents/Test/yii/framework/web/CController.php(308): CInlineAction->runWithParams(Array)
#9 /Users/sagaranumala/Documents/Test/yii/framework/web/filters/CFilterChain.php(134): CController->runAction(Object(CInlineAction))
#10 /Users/sagaranumala/Documents/Test/yii/framework/web/filters/CFilter.php(40): CFilterChain->run()
#11 /Users/sagaranumala/Documents/Test/yii/framework/web/CController.php(1148): CFilter->filter(Object(CFilterChain))
#12 /Users/sagaranumala/Documents/Test/yii/framework/web/filters/CInlineFilter.php(58): CController->filterAccessControl(Object(CFilterChain))
#13 /Users/sagaranumala/Documents/Test/yii/framework/web/filters/CFilterChain.php(131): CInlineFilter->filter(Object(CFilterChain))
#14 /Users/sagaranumala/Documents/Test/yii/framework/web/CController.php(291): CFilterChain->run()
#15 /Users/sagaranumala/Documents/Test/yii/framework/web/CController.php(265): CController->runActionWithFilters(Object(CInlineAction), Array)
#16 /Users/sagaranumala/Documents/Test/yii/framework/web/CWebApplication.php(282): CController->run('admin')
#17 /Users/sagaranumala/Documents/Test/yii/framework/web/CWebApplication.php(141): CWebApplication->runController('post/admin')
#18 /Users/sagaranumala/Documents/Test/yii/framework/base/CApplication.php(185): CWebApplication->processRequest()
#19 /Users/sagaranumala/Documents/Test/myapp/index.php(18): CApplication->run()
#20 {main}
REQUEST_URI=/post/admin
HTTP_REFERER=http://localhost:8000/post/index
---
2026/02/19 08:04:30 [error] [exception.CException] CException: Post and its behaviors do not have a method or closure named "search". in /Users/sagaranumala/Documents/Test/yii/framework/base/CComponent.php:266
Stack trace:
#0 /Users/sagaranumala/Documents/Test/yii/framework/db/ar/CActiveRecord.php(229): CComponent->__call('search', Array)
#1 /Users/sagaranumala/Documents/Test/myapp/protected/views/post/admin.php(45): CActiveRecord->__call('search', Array)
#2 /Users/sagaranumala/Documents/Test/yii/framework/web/CBaseController.php(126): require('/Users/sagaranu...')
#3 /Users/sagaranumala/Documents/Test/yii/framework/web/CBaseController.php(95): CBaseController->renderInternal('/Users/sagaranu...', Array, true)
#4 /Users/sagaranumala/Documents/Test/yii/framework/web/CController.php(872): CBaseController->renderFile('/Users/sagaranu...', Array, true)
#5 /Users/sagaranumala/Documents/Test/yii/framework/web/CController.php(785): CController->renderPartial('admin', Array, true)
#6 /Users/sagaranumala/Documents/Test/myapp/protected/controllers/PostController.php(142): CController->render('admin', Array)
#7 /Users/sagaranumala/Documents/Test/yii/framework/web/actions/CInlineAction.php(49): PostController->actionAdmin()
#8 /Users/sagaranumala/Documents/Test/yii/framework/web/CController.php(308): CInlineAction->runWithParams(Array)
#9 /Users/sagaranumala/Documents/Test/yii/framework/web/filters/CFilterChain.php(134): CController->runAction(Object(CInlineAction))
#10 /Users/sagaranumala/Documents/Test/yii/framework/web/filters/CFilter.php(40): CFilterChain->run()
#11 /Users/sagaranumala/Documents/Test/yii/framework/web/CController.php(1148): CFilter->filter(Object(CFilterChain))
#12 /Users/sagaranumala/Documents/Test/yii/framework/web/filters/CInlineFilter.php(58): CController->filterAccessControl(Object(CFilterChain))
#13 /Users/sagaranumala/Documents/Test/yii/framework/web/filters/CFilterChain.php(131): CInlineFilter->filter(Object(CFilterChain))
#14 /Users/sagaranumala/Documents/Test/yii/framework/web/CController.php(291): CFilterChain->run()
#15 /Users/sagaranumala/Documents/Test/yii/framework/web/CController.php(265): CController->runActionWithFilters(Object(CInlineAction), Array)
#16 /Users/sagaranumala/Documents/Test/yii/framework/web/CWebApplication.php(282): CController->run('admin')
#17 /Users/sagaranumala/Documents/Test/yii/framework/web/CWebApplication.php(141): CWebApplication->runController('post/admin')
#18 /Users/sagaranumala/Documents/Test/yii/framework/base/CApplication.php(185): CWebApplication->processRequest()
#19 /Users/sagaranumala/Documents/Test/myapp/index.php(18): CApplication->run()
#20 {main}
REQUEST_URI=/post/admin
HTTP_REFERER=http://localhost:8000/post/index
---
2026/02/19 08:04:30 [error] [exception.CException] CException: Post and its behaviors do not have a method or closure named "search". in /Users/sagaranumala/Documents/Test/yii/framework/base/CComponent.php:266
Stack trace:
#0 /Users/sagaranumala/Documents/Test/yii/framework/db/ar/CActiveRecord.php(229): CComponent->__call('search', Array)
#1 /Users/sagaranumala/Documents/Test/myapp/protected/views/post/admin.php(45): CActiveRecord->__call('search', Array)
#2 /Users/sagaranumala/Documents/Test/yii/framework/web/CBaseController.php(126): require('/Users/sagaranu...')
#3 /Users/sagaranumala/Documents/Test/yii/framework/web/CBaseController.php(95): CBaseController->renderInternal('/Users/sagaranu...', Array, true)
#4 /Users/sagaranumala/Documents/Test/yii/framework/web/CController.php(872): CBaseController->renderFile('/Users/sagaranu...', Array, true)
#5 /Users/sagaranumala/Documents/Test/yii/framework/web/CController.php(785): CController->renderPartial('admin', Array, true)
#6 /Users/sagaranumala/Documents/Test/myapp/protected/controllers/PostController.php(142): CController->render('admin', Array)
#7 /Users/sagaranumala/Documents/Test/yii/framework/web/actions/CInlineAction.php(49): PostController->actionAdmin()
#8 /Users/sagaranumala/Documents/Test/yii/framework/web/CController.php(308): CInlineAction->runWithParams(Array)
#9 /Users/sagaranumala/Documents/Test/yii/framework/web/filters/CFilterChain.php(134): CController->runAction(Object(CInlineAction))
#10 /Users/sagaranumala/Documents/Test/yii/framework/web/filters/CFilter.php(40): CFilterChain->run()
#11 /Users/sagaranumala/Documents/Test/yii/framework/web/CController.php(1148): CFilter->filter(Object(CFilterChain))
#12 /Users/sagaranumala/Documents/Test/yii/framework/web/filters/CInlineFilter.php(58): CController->filterAccessControl(Object(CFilterChain))
#13 /Users/sagaranumala/Documents/Test/yii/framework/web/filters/CFilterChain.php(131): CInlineFilter->filter(Object(CFilterChain))
#14 /Users/sagaranumala/Documents/Test/yii/framework/web/CController.php(291): CFilterChain->run()
#15 /Users/sagaranumala/Documents/Test/yii/framework/web/CController.php(265): CController->runActionWithFilters(Object(CInlineAction), Array)
#16 /Users/sagaranumala/Documents/Test/yii/framework/web/CWebApplication.php(282): CController->run('admin')
#17 /Users/sagaranumala/Documents/Test/yii/framework/web/CWebApplication.php(141): CWebApplication->runController('post/admin')
#18 /Users/sagaranumala/Documents/Test/yii/framework/base/CApplication.php(185): CWebApplication->processRequest()
#19 /Users/sagaranumala/Documents/Test/myapp/index.php(18): CApplication->run()
#20 {main}
REQUEST_URI=/post/admin
HTTP_REFERER=http://localhost:8000/post/index
---
2026/02/19 08:04:33 [error] [exception.CException] CException: Post and its behaviors do not have a method or closure named "search". in /Users/sagaranumala/Documents/Test/yii/framework/base/CComponent.php:266
Stack trace:
#0 /Users/sagaranumala/Documents/Test/yii/framework/db/ar/CActiveRecord.php(229): CComponent->__call('search', Array)
#1 /Users/sagaranumala/Documents/Test/myapp/protected/views/post/admin.php(45): CActiveRecord->__call('search', Array)
#2 /Users/sagaranumala/Documents/Test/yii/framework/web/CBaseController.php(126): require('/Users/sagaranu...')
#3 /Users/sagaranumala/Documents/Test/yii/framework/web/CBaseController.php(95): CBaseController->renderInternal('/Users/sagaranu...', Array, true)
#4 /Users/sagaranumala/Documents/Test/yii/framework/web/CController.php(872): CBaseController->renderFile('/Users/sagaranu...', Array, true)
#5 /Users/sagaranumala/Documents/Test/yii/framework/web/CController.php(785): CController->renderPartial('admin', Array, true)
#6 /Users/sagaranumala/Documents/Test/myapp/protected/controllers/PostController.php(142): CController->render('admin', Array)
#7 /Users/sagaranumala/Documents/Test/yii/framework/web/actions/CInlineAction.php(49): PostController->actionAdmin()
#8 /Users/sagaranumala/Documents/Test/yii/framework/web/CController.php(308): CInlineAction->runWithParams(Array)
#9 /Users/sagaranumala/Documents/Test/yii/framework/web/filters/CFilterChain.php(134): CController->runAction(Object(CInlineAction))
#10 /Users/sagaranumala/Documents/Test/yii/framework/web/filters/CFilter.php(40): CFilterChain->run()
#11 /Users/sagaranumala/Documents/Test/yii/framework/web/CController.php(1148): CFilter->filter(Object(CFilterChain))
#12 /Users/sagaranumala/Documents/Test/yii/framework/web/filters/CInlineFilter.php(58): CController->filterAccessControl(Object(CFilterChain))
#13 /Users/sagaranumala/Documents/Test/yii/framework/web/filters/CFilterChain.php(131): CInlineFilter->filter(Object(CFilterChain))
#14 /Users/sagaranumala/Documents/Test/yii/framework/web/CController.php(291): CFilterChain->run()
#15 /Users/sagaranumala/Documents/Test/yii/framework/web/CController.php(265): CController->runActionWithFilters(Object(CInlineAction), Array)
#16 /Users/sagaranumala/Documents/Test/yii/framework/web/CWebApplication.php(282): CController->run('admin')
#17 /Users/sagaranumala/Documents/Test/yii/framework/web/CWebApplication.php(141): CWebApplication->runController('post/admin')
#18 /Users/sagaranumala/Documents/Test/yii/framework/base/CApplication.php(185): CWebApplication->processRequest()
#19 /Users/sagaranumala/Documents/Test/myapp/index.php(18): CApplication->run()
#20 {main}
REQUEST_URI=/post/admin
HTTP_REFERER=http://localhost:8000/post/index
---
2026/02/19 08:05:22 [warning] [application] Failed to set unsafe attribute "id" of "Post".
in /Users/sagaranumala/Documents/Test/myapp/protected/controllers/PostController.php (139)
in /Users/sagaranumala/Documents/Test/myapp/index.php (18)
2026/02/19 08:05:22 [warning] [application] Failed to set unsafe attribute "created_at" of "Post".
in /Users/sagaranumala/Documents/Test/myapp/protected/controllers/PostController.php (139)
in /Users/sagaranumala/Documents/Test/myapp/index.php (18)
2026/02/19 08:05:26 [warning] [application] Failed to set unsafe attribute "id" of "Post".
in /Users/sagaranumala/Documents/Test/myapp/protected/controllers/PostController.php (139)
in /Users/sagaranumala/Documents/Test/myapp/index.php (18)
2026/02/19 08:05:26 [warning] [application] Failed to set unsafe attribute "created_at" of "Post".
in /Users/sagaranumala/Documents/Test/myapp/protected/controllers/PostController.php (139)
in /Users/sagaranumala/Documents/Test/myapp/index.php (18)
2026/02/19 08:05:48 [warning] [application] Failed to set unsafe attribute "created_at" of "Post".
in /Users/sagaranumala/Documents/Test/myapp/protected/controllers/PostController.php (72)
in /Users/sagaranumala/Documents/Test/myapp/index.php (18)
2026/02/19 08:05:56 [warning] [application] Failed to set unsafe attribute "created_at" of "Post".
in /Users/sagaranumala/Documents/Test/myapp/protected/controllers/PostController.php (96)
in /Users/sagaranumala/Documents/Test/myapp/index.php (18)
2026/02/19 08:06:03 [warning] [application] Failed to set unsafe attribute "created_at" of "Post".
in /Users/sagaranumala/Documents/Test/myapp/protected/controllers/PostController.php (96)
in /Users/sagaranumala/Documents/Test/myapp/index.php (18)
